[2024-10-09 00:33:07,275] INFO [Controller id=0 epoch=2] Changed partition StandardDeliveryRequest-0 state from NonExistentPartition to NewPartition with assigned replicas 0 (state.change.logger)
[2024-10-09 00:33:07,275] INFO [Controller id=0 epoch=2] Changed partition StandardDeliveryRequest-1 state from NonExistentPartition to NewPartition with assigned replicas 0 (state.change.logger)
[2024-10-09 00:33:07,275] INFO [Controller id=0 epoch=2] Changed partition StandardDeliveryRequest-2 state from NonExistentPartition to NewPartition with assigned replicas 0 (state.change.logger)
[2024-10-09 00:33:07,275] INFO [Controller id=0 epoch=2] Sending UpdateMetadata request to brokers HashSet() for 0 partitions (state.change.logger)
[2024-10-09 00:33:07,276] INFO [Controller id=0 epoch=2] Sending UpdateMetadata request to brokers HashSet() for 0 partitions (state.change.logger)
[2024-10-09 00:33:08,136] INFO [Controller id=0 epoch=2] Changed partition StandardDeliveryRequest-0 from NewPartition to OnlinePartition with state LeaderAndIsr(leader=0, leaderEpoch=0, isrWithBrokerEpoch=List(BrokerState(brokerId=0, brokerEpoch=-1)), leaderRecoveryState=RECOVERED, partitionEpoch=0) (state.change.logger)
[2024-10-09 00:33:08,136] INFO [Controller id=0 epoch=2] Changed partition StandardDeliveryRequest-1 from NewPartition to OnlinePartition with state LeaderAndIsr(leader=0, leaderEpoch=0, isrWithBrokerEpoch=List(BrokerState(brokerId=0, brokerEpoch=-1)), leaderRecoveryState=RECOVERED, partitionEpoch=0) (state.change.logger)
[2024-10-09 00:33:08,136] INFO [Controller id=0 epoch=2] Changed partition StandardDeliveryRequest-2 from NewPartition to OnlinePartition with state LeaderAndIsr(leader=0, leaderEpoch=0, isrWithBrokerEpoch=List(BrokerState(brokerId=0, brokerEpoch=-1)), leaderRecoveryState=RECOVERED, partitionEpoch=0) (state.change.logger)
[2024-10-09 00:33:08,136] INFO [Controller id=0 epoch=2] Sending LeaderAndIsr request to broker 0 with 3 become-leader and 0 become-follower partitions (state.change.logger)
[2024-10-09 00:33:08,137] INFO [Controller id=0 epoch=2] Sending UpdateMetadata request to brokers HashSet(0) for 3 partitions (state.change.logger)
[2024-10-09 00:33:08,137] INFO [Controller id=0 epoch=2] Sending UpdateMetadata request to brokers HashSet() for 0 partitions (state.change.logger)
[2024-10-09 00:33:08,138] INFO [Broker id=0] Handling LeaderAndIsr request correlationId 3 from controller 0 for 3 partitions (state.change.logger)
[2024-10-09 00:33:08,139] INFO [Broker id=0] Stopped fetchers as part of LeaderAndIsr request correlationId 3 from controller 0 epoch 2 as part of the become-leader transition for 3 partitions (state.change.logger)
[2024-10-09 00:33:08,144] INFO [Broker id=0] Leader StandardDeliveryRequest-0 with topic id Some(PtE_HWzsRzWRzdLe1dRFkQ) starts at leader epoch 0 from offset 0 with partition epoch 0, high watermark 0, ISR [0], adding replicas [] and removing replicas [] . Previous leader None and previous leader epoch was -1. (state.change.logger)
[2024-10-09 00:33:09,347] INFO [Broker id=0] Leader StandardDeliveryRequest-1 with topic id Some(PtE_HWzsRzWRzdLe1dRFkQ) starts at leader epoch 0 from offset 0 with partition epoch 0, high watermark 0, ISR [0], adding replicas [] and removing replicas [] . Previous leader None and previous leader epoch was -1. (state.change.logger)
[2024-10-09 00:33:10,380] INFO [Broker id=0] Leader StandardDeliveryRequest-2 with topic id Some(PtE_HWzsRzWRzdLe1dRFkQ) starts at leader epoch 0 from offset 0 with partition epoch 0, high watermark 0, ISR [0], adding replicas [] and removing replicas [] . Previous leader None and previous leader epoch was -1. (state.change.logger)
[2024-10-09 00:33:11,352] INFO [Broker id=0] Finished LeaderAndIsr request in 3213ms correlationId 3 from controller 0 for 3 partitions (state.change.logger)
[2024-10-09 00:33:11,354] INFO [Broker id=0] Add 3 partitions and deleted 0 partitions from metadata cache in response to UpdateMetadata request sent by controller 0 epoch 2 with correlation id 4 (state.change.logger)
[2024-10-09 00:33:29,363] INFO [Controller id=0 epoch=2] Changed partition StandardDeliveryReply-0 state from NonExistentPartition to NewPartition with assigned replicas 0 (state.change.logger)
[2024-10-09 00:33:29,363] INFO [Controller id=0 epoch=2] Changed partition StandardDeliveryReply-1 state from NonExistentPartition to NewPartition with assigned replicas 0 (state.change.logger)
[2024-10-09 00:33:29,363] INFO [Controller id=0 epoch=2] Changed partition StandardDeliveryReply-2 state from NonExistentPartition to NewPartition with assigned replicas 0 (state.change.logger)
[2024-10-09 00:33:29,363] INFO [Controller id=0 epoch=2] Sending UpdateMetadata request to brokers HashSet() for 0 partitions (state.change.logger)
[2024-10-09 00:33:29,364] INFO [Controller id=0 epoch=2] Sending UpdateMetadata request to brokers HashSet() for 0 partitions (state.change.logger)
[2024-10-09 00:33:30,218] INFO [Controller id=0 epoch=2] Changed partition StandardDeliveryReply-0 from NewPartition to OnlinePartition with state LeaderAndIsr(leader=0, leaderEpoch=0, isrWithBrokerEpoch=List(BrokerState(brokerId=0, brokerEpoch=-1)), leaderRecoveryState=RECOVERED, partitionEpoch=0) (state.change.logger)
[2024-10-09 00:33:30,219] INFO [Controller id=0 epoch=2] Changed partition StandardDeliveryReply-1 from NewPartition to OnlinePartition with state LeaderAndIsr(leader=0, leaderEpoch=0, isrWithBrokerEpoch=List(BrokerState(brokerId=0, brokerEpoch=-1)), leaderRecoveryState=RECOVERED, partitionEpoch=0) (state.change.logger)
[2024-10-09 00:33:30,219] INFO [Controller id=0 epoch=2] Changed partition StandardDeliveryReply-2 from NewPartition to OnlinePartition with state LeaderAndIsr(leader=0, leaderEpoch=0, isrWithBrokerEpoch=List(BrokerState(brokerId=0, brokerEpoch=-1)), leaderRecoveryState=RECOVERED, partitionEpoch=0) (state.change.logger)
[2024-10-09 00:33:30,219] INFO [Controller id=0 epoch=2] Sending LeaderAndIsr request to broker 0 with 3 become-leader and 0 become-follower partitions (state.change.logger)
[2024-10-09 00:33:30,219] INFO [Controller id=0 epoch=2] Sending UpdateMetadata request to brokers HashSet(0) for 3 partitions (state.change.logger)
[2024-10-09 00:33:30,219] INFO [Controller id=0 epoch=2] Sending UpdateMetadata request to brokers HashSet() for 0 partitions (state.change.logger)
[2024-10-09 00:33:30,219] INFO [Broker id=0] Handling LeaderAndIsr request correlationId 5 from controller 0 for 3 partitions (state.change.logger)
[2024-10-09 00:33:30,220] INFO [Broker id=0] Stopped fetchers as part of LeaderAndIsr request correlationId 5 from controller 0 epoch 2 as part of the become-leader transition for 3 partitions (state.change.logger)
[2024-10-09 00:33:31,257] INFO [Broker id=0] Leader StandardDeliveryReply-2 with topic id Some(UiyHEuE_Rcy8D3vuAEzOOg) starts at leader epoch 0 from offset 0 with partition epoch 0, high watermark 0, ISR [0], adding replicas [] and removing replicas [] . Previous leader None and previous leader epoch was -1. (state.change.logger)
[2024-10-09 00:33:32,375] INFO [Broker id=0] Leader StandardDeliveryReply-1 with topic id Some(UiyHEuE_Rcy8D3vuAEzOOg) starts at leader epoch 0 from offset 0 with partition epoch 0, high watermark 0, ISR [0], adding replicas [] and removing replicas [] . Previous leader None and previous leader epoch was -1. (state.change.logger)
[2024-10-09 00:33:33,785] INFO [Broker id=0] Leader StandardDeliveryReply-0 with topic id Some(UiyHEuE_Rcy8D3vuAEzOOg) starts at leader epoch 0 from offset 0 with partition epoch 0, high watermark 0, ISR [0], adding replicas [] and removing replicas [] . Previous leader None and previous leader epoch was -1. (state.change.logger)
[2024-10-09 00:33:35,061] INFO [Broker id=0] Finished LeaderAndIsr request in 4842ms correlationId 5 from controller 0 for 3 partitions (state.change.logger)
[2024-10-09 00:33:35,063] INFO [Broker id=0] Add 3 partitions and deleted 0 partitions from metadata cache in response to UpdateMetadata request sent by controller 0 epoch 2 with correlation id 6 (state.change.logger)
[2024-10-09 00:34:11,009] INFO [Controller id=0 epoch=2] Changed partition ExpressDeliveryRequest-0 state from NonExistentPartition to NewPartition with assigned replicas 0 (state.change.logger)
[2024-10-09 00:34:11,009] INFO [Controller id=0 epoch=2] Changed partition ExpressDeliveryRequest-1 state from NonExistentPartition to NewPartition with assigned replicas 0 (state.change.logger)
[2024-10-09 00:34:11,009] INFO [Controller id=0 epoch=2] Changed partition ExpressDeliveryRequest-2 state from NonExistentPartition to NewPartition with assigned replicas 0 (state.change.logger)
[2024-10-09 00:34:11,009] INFO [Controller id=0 epoch=2] Sending UpdateMetadata request to brokers HashSet() for 0 partitions (state.change.logger)
[2024-10-09 00:34:11,010] INFO [Controller id=0 epoch=2] Sending UpdateMetadata request to brokers HashSet() for 0 partitions (state.change.logger)
[2024-10-09 00:34:11,639] INFO [Controller id=0 epoch=2] Changed partition ExpressDeliveryRequest-0 from NewPartition to OnlinePartition with state LeaderAndIsr(leader=0, leaderEpoch=0, isrWithBrokerEpoch=List(BrokerState(brokerId=0, brokerEpoch=-1)), leaderRecoveryState=RECOVERED, partitionEpoch=0) (state.change.logger)
[2024-10-09 00:34:11,639] INFO [Controller id=0 epoch=2] Changed partition ExpressDeliveryRequest-1 from NewPartition to OnlinePartition with state LeaderAndIsr(leader=0, leaderEpoch=0, isrWithBrokerEpoch=List(BrokerState(brokerId=0, brokerEpoch=-1)), leaderRecoveryState=RECOVERED, partitionEpoch=0) (state.change.logger)
[2024-10-09 00:34:11,639] INFO [Controller id=0 epoch=2] Changed partition ExpressDeliveryRequest-2 from NewPartition to OnlinePartition with state LeaderAndIsr(leader=0, leaderEpoch=0, isrWithBrokerEpoch=List(BrokerState(brokerId=0, brokerEpoch=-1)), leaderRecoveryState=RECOVERED, partitionEpoch=0) (state.change.logger)
[2024-10-09 00:34:11,639] INFO [Controller id=0 epoch=2] Sending LeaderAndIsr request to broker 0 with 3 become-leader and 0 become-follower partitions (state.change.logger)
[2024-10-09 00:34:11,639] INFO [Controller id=0 epoch=2] Sending UpdateMetadata request to brokers HashSet(0) for 3 partitions (state.change.logger)
[2024-10-09 00:34:11,640] INFO [Controller id=0 epoch=2] Sending UpdateMetadata request to brokers HashSet() for 0 partitions (state.change.logger)
[2024-10-09 00:34:11,640] INFO [Broker id=0] Handling LeaderAndIsr request correlationId 7 from controller 0 for 3 partitions (state.change.logger)
[2024-10-09 00:34:11,641] INFO [Broker id=0] Stopped fetchers as part of LeaderAndIsr request correlationId 7 from controller 0 epoch 2 as part of the become-leader transition for 3 partitions (state.change.logger)
[2024-10-09 00:34:11,645] INFO [Broker id=0] Leader ExpressDeliveryRequest-2 with topic id Some(CKZjvGrvSqKk5OpUHHWtbg) starts at leader epoch 0 from offset 0 with partition epoch 0, high watermark 0, ISR [0], adding replicas [] and removing replicas [] . Previous leader None and previous leader epoch was -1. (state.change.logger)
[2024-10-09 00:34:13,111] INFO [Broker id=0] Leader ExpressDeliveryRequest-0 with topic id Some(CKZjvGrvSqKk5OpUHHWtbg) starts at leader epoch 0 from offset 0 with partition epoch 0, high watermark 0, ISR [0], adding replicas [] and removing replicas [] . Previous leader None and previous leader epoch was -1. (state.change.logger)
[2024-10-09 00:34:14,318] INFO [Broker id=0] Leader ExpressDeliveryRequest-1 with topic id Some(CKZjvGrvSqKk5OpUHHWtbg) starts at leader epoch 0 from offset 0 with partition epoch 0, high watermark 0, ISR [0], adding replicas [] and removing replicas [] . Previous leader None and previous leader epoch was -1. (state.change.logger)
[2024-10-09 00:34:15,227] INFO [Broker id=0] Finished LeaderAndIsr request in 3587ms correlationId 7 from controller 0 for 3 partitions (state.change.logger)
[2024-10-09 00:34:15,228] INFO [Broker id=0] Add 3 partitions and deleted 0 partitions from metadata cache in response to UpdateMetadata request sent by controller 0 epoch 2 with correlation id 8 (state.change.logger)
[2024-10-09 00:34:28,853] INFO [Controller id=0 epoch=2] Changed partition ExpressDeliveryReply-0 state from NonExistentPartition to NewPartition with assigned replicas 0 (state.change.logger)
[2024-10-09 00:34:28,853] INFO [Controller id=0 epoch=2] Changed partition ExpressDeliveryReply-1 state from NonExistentPartition to NewPartition with assigned replicas 0 (state.change.logger)
[2024-10-09 00:34:28,853] INFO [Controller id=0 epoch=2] Changed partition ExpressDeliveryReply-2 state from NonExistentPartition to NewPartition with assigned replicas 0 (state.change.logger)
[2024-10-09 00:34:28,854] INFO [Controller id=0 epoch=2] Sending UpdateMetadata request to brokers HashSet() for 0 partitions (state.change.logger)
[2024-10-09 00:34:28,854] INFO [Controller id=0 epoch=2] Sending UpdateMetadata request to brokers HashSet() for 0 partitions (state.change.logger)
[2024-10-09 00:34:30,070] INFO [Controller id=0 epoch=2] Changed partition ExpressDeliveryReply-0 from NewPartition to OnlinePartition with state LeaderAndIsr(leader=0, leaderEpoch=0, isrWithBrokerEpoch=List(BrokerState(brokerId=0, brokerEpoch=-1)), leaderRecoveryState=RECOVERED, partitionEpoch=0) (state.change.logger)
[2024-10-09 00:34:30,070] INFO [Controller id=0 epoch=2] Changed partition ExpressDeliveryReply-1 from NewPartition to OnlinePartition with state LeaderAndIsr(leader=0, leaderEpoch=0, isrWithBrokerEpoch=List(BrokerState(brokerId=0, brokerEpoch=-1)), leaderRecoveryState=RECOVERED, partitionEpoch=0) (state.change.logger)
[2024-10-09 00:34:30,070] INFO [Controller id=0 epoch=2] Changed partition ExpressDeliveryReply-2 from NewPartition to OnlinePartition with state LeaderAndIsr(leader=0, leaderEpoch=0, isrWithBrokerEpoch=List(BrokerState(brokerId=0, brokerEpoch=-1)), leaderRecoveryState=RECOVERED, partitionEpoch=0) (state.change.logger)
[2024-10-09 00:34:30,070] INFO [Controller id=0 epoch=2] Sending LeaderAndIsr request to broker 0 with 3 become-leader and 0 become-follower partitions (state.change.logger)
[2024-10-09 00:34:30,071] INFO [Controller id=0 epoch=2] Sending UpdateMetadata request to brokers HashSet(0) for 3 partitions (state.change.logger)
[2024-10-09 00:34:30,071] INFO [Controller id=0 epoch=2] Sending UpdateMetadata request to brokers HashSet() for 0 partitions (state.change.logger)
[2024-10-09 00:34:30,072] INFO [Broker id=0] Handling LeaderAndIsr request correlationId 9 from controller 0 for 3 partitions (state.change.logger)
[2024-10-09 00:34:30,076] INFO [Broker id=0] Stopped fetchers as part of LeaderAndIsr request correlationId 9 from controller 0 epoch 2 as part of the become-leader transition for 3 partitions (state.change.logger)
[2024-10-09 00:34:30,086] INFO [Broker id=0] Leader ExpressDeliveryReply-2 with topic id Some(OjOA9vrrQ-aRwS2eWeUnOw) starts at leader epoch 0 from offset 0 with partition epoch 0, high watermark 0, ISR [0], adding replicas [] and removing replicas [] . Previous leader None and previous leader epoch was -1. (state.change.logger)
[2024-10-09 00:34:31,627] INFO [Broker id=0] Leader ExpressDeliveryReply-1 with topic id Some(OjOA9vrrQ-aRwS2eWeUnOw) starts at leader epoch 0 from offset 0 with partition epoch 0, high watermark 0, ISR [0], adding replicas [] and removing replicas [] . Previous leader None and previous leader epoch was -1. (state.change.logger)
[2024-10-09 00:34:32,659] INFO [Broker id=0] Leader ExpressDeliveryReply-0 with topic id Some(OjOA9vrrQ-aRwS2eWeUnOw) starts at leader epoch 0 from offset 0 with partition epoch 0, high watermark 0, ISR [0], adding replicas [] and removing replicas [] . Previous leader None and previous leader epoch was -1. (state.change.logger)
[2024-10-09 00:34:33,727] INFO [Broker id=0] Finished LeaderAndIsr request in 3655ms correlationId 9 from controller 0 for 3 partitions (state.change.logger)
[2024-10-09 00:34:33,729] INFO [Broker id=0] Add 3 partitions and deleted 0 partitions from metadata cache in response to UpdateMetadata request sent by controller 0 epoch 2 with correlation id 10 (state.change.logger)
[2024-10-09 00:36:00,838] INFO [Controller id=0 epoch=2] Changed partition __consumer_offsets-22 state from NonExistentPartition to NewPartition with assigned replicas 0 (state.change.logger)
[2024-10-09 00:36:00,838] INFO [Controller id=0 epoch=2] Changed partition __consumer_offsets-30 state from NonExistentPartition to NewPartition with assigned replicas 0 (state.change.logger)
[2024-10-09 00:36:00,838] INFO [Controller id=0 epoch=2] Changed partition __consumer_offsets-25 state from NonExistentPartition to NewPartition with assigned replicas 0 (state.change.logger)
[2024-10-09 00:36:00,838] INFO [Controller id=0 epoch=2] Changed partition __consumer_offsets-35 state from NonExistentPartition to NewPartition with assigned replicas 0 (state.change.logger)
[2024-10-09 00:36:00,838] INFO [Controller id=0 epoch=2] Changed partition __consumer_offsets-37 state from NonExistentPartition to NewPartition with assigned replicas 0 (state.change.logger)
[2024-10-09 00:36:00,838] INFO [Controller id=0 epoch=2] Changed partition __consumer_offsets-38 state from NonExistentPartition to NewPartition with assigned replicas 0 (state.change.logger)
[2024-10-09 00:36:00,838] INFO [Controller id=0 epoch=2] Changed partition __consumer_offsets-13 state from NonExistentPartition to NewPartition with assigned replicas 0 (state.change.logger)
[2024-10-09 00:36:00,838] INFO [Controller id=0 epoch=2] Changed partition __consumer_offsets-8 state from NonExistentPartition to NewPartition with assigned replicas 0 (state.change.logger)
[2024-10-09 00:36:00,838] INFO [Controller id=0 epoch=2] Changed partition __consumer_offsets-21 state from NonExistentPartition to NewPartition with assigned replicas 0 (state.change.logger)
[2024-10-09 00:36:00,838] INFO [Controller id=0 epoch=2] Changed partition __consumer_offsets-4 state from NonExistentPartition to NewPartition with assigned replicas 0 (state.change.logger)
[2024-10-09 00:36:00,838] INFO [Controller id=0 epoch=2] Changed partition __consumer_offsets-27 state from NonExistentPartition to NewPartition with assigned replicas 0 (state.change.logger)
[2024-10-09 00:36:00,838] INFO [Controller id=0 epoch=2] Changed partition __consumer_offsets-7 state from NonExistentPartition to NewPartition with assigned replicas 0 (state.change.logger)
[2024-10-09 00:36:00,838] INFO [Controller id=0 epoch=2] Changed partition __consumer_offsets-9 state from NonExistentPartition to NewPartition with assigned replicas 0 (state.change.logger)
[2024-10-09 00:36:00,838] INFO [Controller id=0 epoch=2] Changed partition __consumer_offsets-46 state from NonExistentPartition to NewPartition with assigned replicas 0 (state.change.logger)
[2024-10-09 00:36:00,838] INFO [Controller id=0 epoch=2] Changed partition __consumer_offsets-41 state from NonExistentPartition to NewPartition with assigned replicas 0 (state.change.logger)
[2024-10-09 00:36:00,838] INFO [Controller id=0 epoch=2] Changed partition __consumer_offsets-33 state from NonExistentPartition to NewPartition with assigned replicas 0 (state.change.logger)
[2024-10-09 00:36:00,838] INFO [Controller id=0 epoch=2] Changed partition __consumer_offsets-23 state from NonExistentPartition to NewPartition with assigned replicas 0 (state.change.logger)
[2024-10-09 00:36:00,838] INFO [Controller id=0 epoch=2] Changed partition __consumer_offsets-49 state from NonExistentPartition to NewPartition with assigned replicas 0 (state.change.logger)
[2024-10-09 00:36:00,838] INFO [Controller id=0 epoch=2] Changed partition __consumer_offsets-47 state from NonExistentPartition to NewPartition with assigned replicas 0 (state.change.logger)
[2024-10-09 00:36:00,838] INFO [Controller id=0 epoch=2] Changed partition __consumer_offsets-16 state from NonExistentPartition to NewPartition with assigned replicas 0 (state.change.logger)
[2024-10-09 00:36:00,838] INFO [Controller id=0 epoch=2] Changed partition __consumer_offsets-28 state from NonExistentPartition to NewPartition with assigned replicas 0 (state.change.logger)
[2024-10-09 00:36:00,838] INFO [Controller id=0 epoch=2] Changed partition __consumer_offsets-31 state from NonExistentPartition to NewPartition with assigned replicas 0 (state.change.logger)
[2024-10-09 00:36:00,838] INFO [Controller id=0 epoch=2] Changed partition __consumer_offsets-36 state from NonExistentPartition to NewPartition with assigned replicas 0 (state.change.logger)
[2024-10-09 00:36:00,838] INFO [Controller id=0 epoch=2] Changed partition __consumer_offsets-42 state from NonExistentPartition to NewPartition with assigned replicas 0 (state.change.logger)
[2024-10-09 00:36:00,838] INFO [Controller id=0 epoch=2] Changed partition __consumer_offsets-3 state from NonExistentPartition to NewPartition with assigned replicas 0 (state.change.logger)
[2024-10-09 00:36:00,838] INFO [Controller id=0 epoch=2] Changed partition __consumer_offsets-18 state from NonExistentPartition to NewPartition with assigned replicas 0 (state.change.logger)
[2024-10-09 00:36:00,838] INFO [Controller id=0 epoch=2] Changed partition __consumer_offsets-15 state from NonExistentPartition to NewPartition with assigned replicas 0 (state.change.logger)
[2024-10-09 00:36:00,838] INFO [Controller id=0 epoch=2] Changed partition __consumer_offsets-24 state from NonExistentPartition to NewPartition with assigned replicas 0 (state.change.logger)
[2024-10-09 00:36:00,838] INFO [Controller id=0 epoch=2] Changed partition __consumer_offsets-17 state from NonExistentPartition to NewPartition with assigned replicas 0 (state.change.logger)
[2024-10-09 00:36:00,838] INFO [Controller id=0 epoch=2] Changed partition __consumer_offsets-48 state from NonExistentPartition to NewPartition with assigned replicas 0 (state.change.logger)
[2024-10-09 00:36:00,838] INFO [Controller id=0 epoch=2] Changed partition __consumer_offsets-19 state from NonExistentPartition to NewPartition with assigned replicas 0 (state.change.logger)
[2024-10-09 00:36:00,838] INFO [Controller id=0 epoch=2] Changed partition __consumer_offsets-11 state from NonExistentPartition to NewPartition with assigned replicas 0 (state.change.logger)
[2024-10-09 00:36:00,838] INFO [Controller id=0 epoch=2] Changed partition __consumer_offsets-2 state from NonExistentPartition to NewPartition with assigned replicas 0 (state.change.logger)
[2024-10-09 00:36:00,838] INFO [Controller id=0 epoch=2] Changed partition __consumer_offsets-43 state from NonExistentPartition to NewPartition with assigned replicas 0 (state.change.logger)
[2024-10-09 00:36:00,838] INFO [Controller id=0 epoch=2] Changed partition __consumer_offsets-6 state from NonExistentPartition to NewPartition with assigned replicas 0 (state.change.logger)
[2024-10-09 00:36:00,838] INFO [Controller id=0 epoch=2] Changed partition __consumer_offsets-14 state from NonExistentPartition to NewPartition with assigned replicas 0 (state.change.logger)
[2024-10-09 00:36:00,838] INFO [Controller id=0 epoch=2] Changed partition __consumer_offsets-20 state from NonExistentPartition to NewPartition with assigned replicas 0 (state.change.logger)
[2024-10-09 00:36:00,838] INFO [Controller id=0 epoch=2] Changed partition __consumer_offsets-0 state from NonExistentPartition to NewPartition with assigned replicas 0 (state.change.logger)
[2024-10-09 00:36:00,838] INFO [Controller id=0 epoch=2] Changed partition __consumer_offsets-44 state from NonExistentPartition to NewPartition with assigned replicas 0 (state.change.logger)
[2024-10-09 00:36:00,838] INFO [Controller id=0 epoch=2] Changed partition __consumer_offsets-39 state from NonExistentPartition to NewPartition with assigned replicas 0 (state.change.logger)
[2024-10-09 00:36:00,838] INFO [Controller id=0 epoch=2] Changed partition __consumer_offsets-12 state from NonExistentPartition to NewPartition with assigned replicas 0 (state.change.logger)
[2024-10-09 00:36:00,838] INFO [Controller id=0 epoch=2] Changed partition __consumer_offsets-45 state from NonExistentPartition to NewPartition with assigned replicas 0 (state.change.logger)
[2024-10-09 00:36:00,838] INFO [Controller id=0 epoch=2] Changed partition __consumer_offsets-1 state from NonExistentPartition to NewPartition with assigned replicas 0 (state.change.logger)
[2024-10-09 00:36:00,838] INFO [Controller id=0 epoch=2] Changed partition __consumer_offsets-5 state from NonExistentPartition to NewPartition with assigned replicas 0 (state.change.logger)
[2024-10-09 00:36:00,838] INFO [Controller id=0 epoch=2] Changed partition __consumer_offsets-26 state from NonExistentPartition to NewPartition with assigned replicas 0 (state.change.logger)
[2024-10-09 00:36:00,838] INFO [Controller id=0 epoch=2] Changed partition __consumer_offsets-29 state from NonExistentPartition to NewPartition with assigned replicas 0 (state.change.logger)
[2024-10-09 00:36:00,838] INFO [Controller id=0 epoch=2] Changed partition __consumer_offsets-34 state from NonExistentPartition to NewPartition with assigned replicas 0 (state.change.logger)
[2024-10-09 00:36:00,838] INFO [Controller id=0 epoch=2] Changed partition __consumer_offsets-10 state from NonExistentPartition to NewPartition with assigned replicas 0 (state.change.logger)
[2024-10-09 00:36:00,839] INFO [Controller id=0 epoch=2] Changed partition __consumer_offsets-32 state from NonExistentPartition to NewPartition with assigned replicas 0 (state.change.logger)
[2024-10-09 00:36:00,839] INFO [Controller id=0 epoch=2] Changed partition __consumer_offsets-40 state from NonExistentPartition to NewPartition with assigned replicas 0 (state.change.logger)
[2024-10-09 00:36:00,839] INFO [Controller id=0 epoch=2] Sending UpdateMetadata request to brokers HashSet() for 0 partitions (state.change.logger)
[2024-10-09 00:36:00,839] INFO [Controller id=0 epoch=2] Sending UpdateMetadata request to brokers HashSet() for 0 partitions (state.change.logger)
[2024-10-09 00:36:08,709] INFO [Controller id=0 epoch=2] Changed partition __consumer_offsets-22 from NewPartition to OnlinePartition with state LeaderAndIsr(leader=0, leaderEpoch=0, isrWithBrokerEpoch=List(BrokerState(brokerId=0, brokerEpoch=-1)), leaderRecoveryState=RECOVERED, partitionEpoch=0) (state.change.logger)
[2024-10-09 00:36:08,709] INFO [Controller id=0 epoch=2] Changed partition __consumer_offsets-30 from NewPartition to OnlinePartition with state LeaderAndIsr(leader=0, leaderEpoch=0, isrWithBrokerEpoch=List(BrokerState(brokerId=0, brokerEpoch=-1)), leaderRecoveryState=RECOVERED, partitionEpoch=0) (state.change.logger)
[2024-10-09 00:36:08,709] INFO [Controller id=0 epoch=2] Changed partition __consumer_offsets-25 from NewPartition to OnlinePartition with state LeaderAndIsr(leader=0, leaderEpoch=0, isrWithBrokerEpoch=List(BrokerState(brokerId=0, brokerEpoch=-1)), leaderRecoveryState=RECOVERED, partitionEpoch=0) (state.change.logger)
[2024-10-09 00:36:08,709] INFO [Controller id=0 epoch=2] Changed partition __consumer_offsets-35 from NewPartition to OnlinePartition with state LeaderAndIsr(leader=0, leaderEpoch=0, isrWithBrokerEpoch=List(BrokerState(brokerId=0, brokerEpoch=-1)), leaderRecoveryState=RECOVERED, partitionEpoch=0) (state.change.logger)
[2024-10-09 00:36:08,709] INFO [Controller id=0 epoch=2] Changed partition __consumer_offsets-37 from NewPartition to OnlinePartition with state LeaderAndIsr(leader=0, leaderEpoch=0, isrWithBrokerEpoch=List(BrokerState(brokerId=0, brokerEpoch=-1)), leaderRecoveryState=RECOVERED, partitionEpoch=0) (state.change.logger)
[2024-10-09 00:36:08,709] INFO [Controller id=0 epoch=2] Changed partition __consumer_offsets-38 from NewPartition to OnlinePartition with state LeaderAndIsr(leader=0, leaderEpoch=0, isrWithBrokerEpoch=List(BrokerState(brokerId=0, brokerEpoch=-1)), leaderRecoveryState=RECOVERED, partitionEpoch=0) (state.change.logger)
[2024-10-09 00:36:08,709] INFO [Controller id=0 epoch=2] Changed partition __consumer_offsets-13 from NewPartition to OnlinePartition with state LeaderAndIsr(leader=0, leaderEpoch=0, isrWithBrokerEpoch=List(BrokerState(brokerId=0, brokerEpoch=-1)), leaderRecoveryState=RECOVERED, partitionEpoch=0) (state.change.logger)
[2024-10-09 00:36:08,709] INFO [Controller id=0 epoch=2] Changed partition __consumer_offsets-8 from NewPartition to OnlinePartition with state LeaderAndIsr(leader=0, leaderEpoch=0, isrWithBrokerEpoch=List(BrokerState(brokerId=0, brokerEpoch=-1)), leaderRecoveryState=RECOVERED, partitionEpoch=0) (state.change.logger)
[2024-10-09 00:36:08,709] INFO [Controller id=0 epoch=2] Changed partition __consumer_offsets-21 from NewPartition to OnlinePartition with state LeaderAndIsr(leader=0, leaderEpoch=0, isrWithBrokerEpoch=List(BrokerState(brokerId=0, brokerEpoch=-1)), leaderRecoveryState=RECOVERED, partitionEpoch=0) (state.change.logger)
[2024-10-09 00:36:08,709] INFO [Controller id=0 epoch=2] Changed partition __consumer_offsets-4 from NewPartition to OnlinePartition with state LeaderAndIsr(leader=0, leaderEpoch=0, isrWithBrokerEpoch=List(BrokerState(brokerId=0, brokerEpoch=-1)), leaderRecoveryState=RECOVERED, partitionEpoch=0) (state.change.logger)
[2024-10-09 00:36:08,709] INFO [Controller id=0 epoch=2] Changed partition __consumer_offsets-27 from NewPartition to OnlinePartition with state LeaderAndIsr(leader=0, leaderEpoch=0, isrWithBrokerEpoch=List(BrokerState(brokerId=0, brokerEpoch=-1)), leaderRecoveryState=RECOVERED, partitionEpoch=0) (state.change.logger)
[2024-10-09 00:36:08,709] INFO [Controller id=0 epoch=2] Changed partition __consumer_offsets-7 from NewPartition to OnlinePartition with state LeaderAndIsr(leader=0, leaderEpoch=0, isrWithBrokerEpoch=List(BrokerState(brokerId=0, brokerEpoch=-1)), leaderRecoveryState=RECOVERED, partitionEpoch=0) (state.change.logger)
[2024-10-09 00:36:08,709] INFO [Controller id=0 epoch=2] Changed partition __consumer_offsets-9 from NewPartition to OnlinePartition with state LeaderAndIsr(leader=0, leaderEpoch=0, isrWithBrokerEpoch=List(BrokerState(brokerId=0, brokerEpoch=-1)), leaderRecoveryState=RECOVERED, partitionEpoch=0) (state.change.logger)
[2024-10-09 00:36:08,709] INFO [Controller id=0 epoch=2] Changed partition __consumer_offsets-46 from NewPartition to OnlinePartition with state LeaderAndIsr(leader=0, leaderEpoch=0, isrWithBrokerEpoch=List(BrokerState(brokerId=0, brokerEpoch=-1)), leaderRecoveryState=RECOVERED, partitionEpoch=0) (state.change.logger)
[2024-10-09 00:36:08,709] INFO [Controller id=0 epoch=2] Changed partition __consumer_offsets-41 from NewPartition to OnlinePartition with state LeaderAndIsr(leader=0, leaderEpoch=0, isrWithBrokerEpoch=List(BrokerState(brokerId=0, brokerEpoch=-1)), leaderRecoveryState=RECOVERED, partitionEpoch=0) (state.change.logger)
[2024-10-09 00:36:08,709] INFO [Controller id=0 epoch=2] Changed partition __consumer_offsets-33 from NewPartition to OnlinePartition with state LeaderAndIsr(leader=0, leaderEpoch=0, isrWithBrokerEpoch=List(BrokerState(brokerId=0, brokerEpoch=-1)), leaderRecoveryState=RECOVERED, partitionEpoch=0) (state.change.logger)
[2024-10-09 00:36:08,709] INFO [Controller id=0 epoch=2] Changed partition __consumer_offsets-23 from NewPartition to OnlinePartition with state LeaderAndIsr(leader=0, leaderEpoch=0, isrWithBrokerEpoch=List(BrokerState(brokerId=0, brokerEpoch=-1)), leaderRecoveryState=RECOVERED, partitionEpoch=0) (state.change.logger)
[2024-10-09 00:36:08,709] INFO [Controller id=0 epoch=2] Changed partition __consumer_offsets-49 from NewPartition to OnlinePartition with state LeaderAndIsr(leader=0, leaderEpoch=0, isrWithBrokerEpoch=List(BrokerState(brokerId=0, brokerEpoch=-1)), leaderRecoveryState=RECOVERED, partitionEpoch=0) (state.change.logger)
[2024-10-09 00:36:08,710] INFO [Controller id=0 epoch=2] Changed partition __consumer_offsets-47 from NewPartition to OnlinePartition with state LeaderAndIsr(leader=0, leaderEpoch=0, isrWithBrokerEpoch=List(BrokerState(brokerId=0, brokerEpoch=-1)), leaderRecoveryState=RECOVERED, partitionEpoch=0) (state.change.logger)
[2024-10-09 00:36:08,710] INFO [Controller id=0 epoch=2] Changed partition __consumer_offsets-16 from NewPartition to OnlinePartition with state LeaderAndIsr(leader=0, leaderEpoch=0, isrWithBrokerEpoch=List(BrokerState(brokerId=0, brokerEpoch=-1)), leaderRecoveryState=RECOVERED, partitionEpoch=0) (state.change.logger)
[2024-10-09 00:36:08,710] INFO [Controller id=0 epoch=2] Changed partition __consumer_offsets-28 from NewPartition to OnlinePartition with state LeaderAndIsr(leader=0, leaderEpoch=0, isrWithBrokerEpoch=List(BrokerState(brokerId=0, brokerEpoch=-1)), leaderRecoveryState=RECOVERED, partitionEpoch=0) (state.change.logger)
[2024-10-09 00:36:08,710] INFO [Controller id=0 epoch=2] Changed partition __consumer_offsets-31 from NewPartition to OnlinePartition with state LeaderAndIsr(leader=0, leaderEpoch=0, isrWithBrokerEpoch=List(BrokerState(brokerId=0, brokerEpoch=-1)), leaderRecoveryState=RECOVERED, partitionEpoch=0) (state.change.logger)
[2024-10-09 00:36:08,710] INFO [Controller id=0 epoch=2] Changed partition __consumer_offsets-36 from NewPartition to OnlinePartition with state LeaderAndIsr(leader=0, leaderEpoch=0, isrWithBrokerEpoch=List(BrokerState(brokerId=0, brokerEpoch=-1)), leaderRecoveryState=RECOVERED, partitionEpoch=0) (state.change.logger)
[2024-10-09 00:36:08,710] INFO [Controller id=0 epoch=2] Changed partition __consumer_offsets-42 from NewPartition to OnlinePartition with state LeaderAndIsr(leader=0, leaderEpoch=0, isrWithBrokerEpoch=List(BrokerState(brokerId=0, brokerEpoch=-1)), leaderRecoveryState=RECOVERED, partitionEpoch=0) (state.change.logger)
[2024-10-09 00:36:08,710] INFO [Controller id=0 epoch=2] Changed partition __consumer_offsets-3 from NewPartition to OnlinePartition with state LeaderAndIsr(leader=0, leaderEpoch=0, isrWithBrokerEpoch=List(BrokerState(brokerId=0, brokerEpoch=-1)), leaderRecoveryState=RECOVERED, partitionEpoch=0) (state.change.logger)
[2024-10-09 00:36:08,710] INFO [Controller id=0 epoch=2] Changed partition __consumer_offsets-18 from NewPartition to OnlinePartition with state LeaderAndIsr(leader=0, leaderEpoch=0, isrWithBrokerEpoch=List(BrokerState(brokerId=0, brokerEpoch=-1)), leaderRecoveryState=RECOVERED, partitionEpoch=0) (state.change.logger)
[2024-10-09 00:36:08,710] INFO [Controller id=0 epoch=2] Changed partition __consumer_offsets-15 from NewPartition to OnlinePartition with state LeaderAndIsr(leader=0, leaderEpoch=0, isrWithBrokerEpoch=List(BrokerState(brokerId=0, brokerEpoch=-1)), leaderRecoveryState=RECOVERED, partitionEpoch=0) (state.change.logger)
[2024-10-09 00:36:08,710] INFO [Controller id=0 epoch=2] Changed partition __consumer_offsets-24 from NewPartition to OnlinePartition with state LeaderAndIsr(leader=0, leaderEpoch=0, isrWithBrokerEpoch=List(BrokerState(brokerId=0, brokerEpoch=-1)), leaderRecoveryState=RECOVERED, partitionEpoch=0) (state.change.logger)
[2024-10-09 00:36:08,710] INFO [Controller id=0 epoch=2] Changed partition __consumer_offsets-17 from NewPartition to OnlinePartition with state LeaderAndIsr(leader=0, leaderEpoch=0, isrWithBrokerEpoch=List(BrokerState(brokerId=0, brokerEpoch=-1)), leaderRecoveryState=RECOVERED, partitionEpoch=0) (state.change.logger)
[2024-10-09 00:36:08,710] INFO [Controller id=0 epoch=2] Changed partition __consumer_offsets-48 from NewPartition to OnlinePartition with state LeaderAndIsr(leader=0, leaderEpoch=0, isrWithBrokerEpoch=List(BrokerState(brokerId=0, brokerEpoch=-1)), leaderRecoveryState=RECOVERED, partitionEpoch=0) (state.change.logger)
[2024-10-09 00:36:08,710] INFO [Controller id=0 epoch=2] Changed partition __consumer_offsets-19 from NewPartition to OnlinePartition with state LeaderAndIsr(leader=0, leaderEpoch=0, isrWithBrokerEpoch=List(BrokerState(brokerId=0, brokerEpoch=-1)), leaderRecoveryState=RECOVERED, partitionEpoch=0) (state.change.logger)
[2024-10-09 00:36:08,710] INFO [Controller id=0 epoch=2] Changed partition __consumer_offsets-11 from NewPartition to OnlinePartition with state LeaderAndIsr(leader=0, leaderEpoch=0, isrWithBrokerEpoch=List(BrokerState(brokerId=0, brokerEpoch=-1)), leaderRecoveryState=RECOVERED, partitionEpoch=0) (state.change.logger)
[2024-10-09 00:36:08,710] INFO [Controller id=0 epoch=2] Changed partition __consumer_offsets-2 from NewPartition to OnlinePartition with state LeaderAndIsr(leader=0, leaderEpoch=0, isrWithBrokerEpoch=List(BrokerState(brokerId=0, brokerEpoch=-1)), leaderRecoveryState=RECOVERED, partitionEpoch=0) (state.change.logger)
[2024-10-09 00:36:08,710] INFO [Controller id=0 epoch=2] Changed partition __consumer_offsets-43 from NewPartition to OnlinePartition with state LeaderAndIsr(leader=0, leaderEpoch=0, isrWithBrokerEpoch=List(BrokerState(brokerId=0, brokerEpoch=-1)), leaderRecoveryState=RECOVERED, partitionEpoch=0) (state.change.logger)
[2024-10-09 00:36:08,710] INFO [Controller id=0 epoch=2] Changed partition __consumer_offsets-6 from NewPartition to OnlinePartition with state LeaderAndIsr(leader=0, leaderEpoch=0, isrWithBrokerEpoch=List(BrokerState(brokerId=0, brokerEpoch=-1)), leaderRecoveryState=RECOVERED, partitionEpoch=0) (state.change.logger)
[2024-10-09 00:36:08,710] INFO [Controller id=0 epoch=2] Changed partition __consumer_offsets-14 from NewPartition to OnlinePartition with state LeaderAndIsr(leader=0, leaderEpoch=0, isrWithBrokerEpoch=List(BrokerState(brokerId=0, brokerEpoch=-1)), leaderRecoveryState=RECOVERED, partitionEpoch=0) (state.change.logger)
[2024-10-09 00:36:08,710] INFO [Controller id=0 epoch=2] Changed partition __consumer_offsets-20 from NewPartition to OnlinePartition with state LeaderAndIsr(leader=0, leaderEpoch=0, isrWithBrokerEpoch=List(BrokerState(brokerId=0, brokerEpoch=-1)), leaderRecoveryState=RECOVERED, partitionEpoch=0) (state.change.logger)
[2024-10-09 00:36:08,710] INFO [Controller id=0 epoch=2] Changed partition __consumer_offsets-0 from NewPartition to OnlinePartition with state LeaderAndIsr(leader=0, leaderEpoch=0, isrWithBrokerEpoch=List(BrokerState(brokerId=0, brokerEpoch=-1)), leaderRecoveryState=RECOVERED, partitionEpoch=0) (state.change.logger)
[2024-10-09 00:36:08,710] INFO [Controller id=0 epoch=2] Changed partition __consumer_offsets-44 from NewPartition to OnlinePartition with state LeaderAndIsr(leader=0, leaderEpoch=0, isrWithBrokerEpoch=List(BrokerState(brokerId=0, brokerEpoch=-1)), leaderRecoveryState=RECOVERED, partitionEpoch=0) (state.change.logger)
[2024-10-09 00:36:08,710] INFO [Controller id=0 epoch=2] Changed partition __consumer_offsets-39 from NewPartition to OnlinePartition with state LeaderAndIsr(leader=0, leaderEpoch=0, isrWithBrokerEpoch=List(BrokerState(brokerId=0, brokerEpoch=-1)), leaderRecoveryState=RECOVERED, partitionEpoch=0) (state.change.logger)
[2024-10-09 00:36:08,710] INFO [Controller id=0 epoch=2] Changed partition __consumer_offsets-12 from NewPartition to OnlinePartition with state LeaderAndIsr(leader=0, leaderEpoch=0, isrWithBrokerEpoch=List(BrokerState(brokerId=0, brokerEpoch=-1)), leaderRecoveryState=RECOVERED, partitionEpoch=0) (state.change.logger)
[2024-10-09 00:36:08,710] INFO [Controller id=0 epoch=2] Changed partition __consumer_offsets-45 from NewPartition to OnlinePartition with state LeaderAndIsr(leader=0, leaderEpoch=0, isrWithBrokerEpoch=List(BrokerState(brokerId=0, brokerEpoch=-1)), leaderRecoveryState=RECOVERED, partitionEpoch=0) (state.change.logger)
[2024-10-09 00:36:08,710] INFO [Controller id=0 epoch=2] Changed partition __consumer_offsets-1 from NewPartition to OnlinePartition with state LeaderAndIsr(leader=0, leaderEpoch=0, isrWithBrokerEpoch=List(BrokerState(brokerId=0, brokerEpoch=-1)), leaderRecoveryState=RECOVERED, partitionEpoch=0) (state.change.logger)
[2024-10-09 00:36:08,710] INFO [Controller id=0 epoch=2] Changed partition __consumer_offsets-5 from NewPartition to OnlinePartition with state LeaderAndIsr(leader=0, leaderEpoch=0, isrWithBrokerEpoch=List(BrokerState(brokerId=0, brokerEpoch=-1)), leaderRecoveryState=RECOVERED, partitionEpoch=0) (state.change.logger)
[2024-10-09 00:36:08,710] INFO [Controller id=0 epoch=2] Changed partition __consumer_offsets-26 from NewPartition to OnlinePartition with state LeaderAndIsr(leader=0, leaderEpoch=0, isrWithBrokerEpoch=List(BrokerState(brokerId=0, brokerEpoch=-1)), leaderRecoveryState=RECOVERED, partitionEpoch=0) (state.change.logger)
[2024-10-09 00:36:08,710] INFO [Controller id=0 epoch=2] Changed partition __consumer_offsets-29 from NewPartition to OnlinePartition with state LeaderAndIsr(leader=0, leaderEpoch=0, isrWithBrokerEpoch=List(BrokerState(brokerId=0, brokerEpoch=-1)), leaderRecoveryState=RECOVERED, partitionEpoch=0) (state.change.logger)
[2024-10-09 00:36:08,710] INFO [Controller id=0 epoch=2] Changed partition __consumer_offsets-34 from NewPartition to OnlinePartition with state LeaderAndIsr(leader=0, leaderEpoch=0, isrWithBrokerEpoch=List(BrokerState(brokerId=0, brokerEpoch=-1)), leaderRecoveryState=RECOVERED, partitionEpoch=0) (state.change.logger)
[2024-10-09 00:36:08,710] INFO [Controller id=0 epoch=2] Changed partition __consumer_offsets-10 from NewPartition to OnlinePartition with state LeaderAndIsr(leader=0, leaderEpoch=0, isrWithBrokerEpoch=List(BrokerState(brokerId=0, brokerEpoch=-1)), leaderRecoveryState=RECOVERED, partitionEpoch=0) (state.change.logger)
[2024-10-09 00:36:08,710] INFO [Controller id=0 epoch=2] Changed partition __consumer_offsets-32 from NewPartition to OnlinePartition with state LeaderAndIsr(leader=0, leaderEpoch=0, isrWithBrokerEpoch=List(BrokerState(brokerId=0, brokerEpoch=-1)), leaderRecoveryState=RECOVERED, partitionEpoch=0) (state.change.logger)
[2024-10-09 00:36:08,710] INFO [Controller id=0 epoch=2] Changed partition __consumer_offsets-40 from NewPartition to OnlinePartition with state LeaderAndIsr(leader=0, leaderEpoch=0, isrWithBrokerEpoch=List(BrokerState(brokerId=0, brokerEpoch=-1)), leaderRecoveryState=RECOVERED, partitionEpoch=0) (state.change.logger)
[2024-10-09 00:36:08,710] INFO [Controller id=0 epoch=2] Sending LeaderAndIsr request to broker 0 with 50 become-leader and 0 become-follower partitions (state.change.logger)
[2024-10-09 00:36:08,711] INFO [Controller id=0 epoch=2] Sending UpdateMetadata request to brokers HashSet(0) for 50 partitions (state.change.logger)
[2024-10-09 00:36:08,711] INFO [Controller id=0 epoch=2] Sending UpdateMetadata request to brokers HashSet() for 0 partitions (state.change.logger)
[2024-10-09 00:36:08,711] INFO [Broker id=0] Handling LeaderAndIsr request correlationId 11 from controller 0 for 50 partitions (state.change.logger)
[2024-10-09 00:36:08,724] INFO [Broker id=0] Stopped fetchers as part of LeaderAndIsr request correlationId 11 from controller 0 epoch 2 as part of the become-leader transition for 50 partitions (state.change.logger)
[2024-10-09 00:36:08,728] INFO [Broker id=0] Leader __consumer_offsets-3 with topic id Some(TQoBdWomQYGMhoFNhw51vw) starts at leader epoch 0 from offset 0 with partition epoch 0, high watermark 0, ISR [0], adding replicas [] and removing replicas [] . Previous leader None and previous leader epoch was -1. (state.change.logger)
[2024-10-09 00:36:10,041] INFO [Broker id=0] Leader __consumer_offsets-18 with topic id Some(TQoBdWomQYGMhoFNhw51vw) starts at leader epoch 0 from offset 0 with partition epoch 0, high watermark 0, ISR [0], adding replicas [] and removing replicas [] . Previous leader None and previous leader epoch was -1. (state.change.logger)
[2024-10-09 00:36:11,503] INFO [Broker id=0] Leader __consumer_offsets-41 with topic id Some(TQoBdWomQYGMhoFNhw51vw) starts at leader epoch 0 from offset 0 with partition epoch 0, high watermark 0, ISR [0], adding replicas [] and removing replicas [] . Previous leader None and previous leader epoch was -1. (state.change.logger)
[2024-10-09 00:36:12,862] INFO [Broker id=0] Leader __consumer_offsets-10 with topic id Some(TQoBdWomQYGMhoFNhw51vw) starts at leader epoch 0 from offset 0 with partition epoch 0, high watermark 0, ISR [0], adding replicas [] and removing replicas [] . Previous leader None and previous leader epoch was -1. (state.change.logger)
[2024-10-09 00:36:14,077] INFO [Broker id=0] Leader __consumer_offsets-33 with topic id Some(TQoBdWomQYGMhoFNhw51vw) starts at leader epoch 0 from offset 0 with partition epoch 0, high watermark 0, ISR [0], adding replicas [] and removing replicas [] . Previous leader None and previous leader epoch was -1. (state.change.logger)
[2024-10-09 00:36:15,668] INFO [Broker id=0] Leader __consumer_offsets-48 with topic id Some(TQoBdWomQYGMhoFNhw51vw) starts at leader epoch 0 from offset 0 with partition epoch 0, high watermark 0, ISR [0], adding replicas [] and removing replicas [] . Previous leader None and previous leader epoch was -1. (state.change.logger)
[2024-10-09 00:36:17,508] INFO [Broker id=0] Leader __consumer_offsets-19 with topic id Some(TQoBdWomQYGMhoFNhw51vw) starts at leader epoch 0 from offset 0 with partition epoch 0, high watermark 0, ISR [0], adding replicas [] and removing replicas [] . Previous leader None and previous leader epoch was -1. (state.change.logger)
[2024-10-09 00:36:18,695] INFO [Broker id=0] Leader __consumer_offsets-34 with topic id Some(TQoBdWomQYGMhoFNhw51vw) starts at leader epoch 0 from offset 0 with partition epoch 0, high watermark 0, ISR [0], adding replicas [] and removing replicas [] . Previous leader None and previous leader epoch was -1. (state.change.logger)
[2024-10-09 00:36:20,159] INFO [Broker id=0] Leader __consumer_offsets-4 with topic id Some(TQoBdWomQYGMhoFNhw51vw) starts at leader epoch 0 from offset 0 with partition epoch 0, high watermark 0, ISR [0], adding replicas [] and removing replicas [] . Previous leader None and previous leader epoch was -1. (state.change.logger)
[2024-10-09 00:36:21,636] INFO [Broker id=0] Leader __consumer_offsets-11 with topic id Some(TQoBdWomQYGMhoFNhw51vw) starts at leader epoch 0 from offset 0 with partition epoch 0, high watermark 0, ISR [0], adding replicas [] and removing replicas [] . Previous leader None and previous leader epoch was -1. (state.change.logger)
[2024-10-09 00:36:23,202] INFO [Broker id=0] Leader __consumer_offsets-26 with topic id Some(TQoBdWomQYGMhoFNhw51vw) starts at leader epoch 0 from offset 0 with partition epoch 0, high watermark 0, ISR [0], adding replicas [] and removing replicas [] . Previous leader None and previous leader epoch was -1. (state.change.logger)
[2024-10-09 00:36:24,407] INFO [Broker id=0] Leader __consumer_offsets-49 with topic id Some(TQoBdWomQYGMhoFNhw51vw) starts at leader epoch 0 from offset 0 with partition epoch 0, high watermark 0, ISR [0], adding replicas [] and removing replicas [] . Previous leader None and previous leader epoch was -1. (state.change.logger)
[2024-10-09 00:36:25,758] INFO [Broker id=0] Leader __consumer_offsets-39 with topic id Some(TQoBdWomQYGMhoFNhw51vw) starts at leader epoch 0 from offset 0 with partition epoch 0, high watermark 0, ISR [0], adding replicas [] and removing replicas [] . Previous leader None and previous leader epoch was -1. (state.change.logger)
[2024-10-09 00:36:26,808] INFO [Broker id=0] Leader __consumer_offsets-9 with topic id Some(TQoBdWomQYGMhoFNhw51vw) starts at leader epoch 0 from offset 0 with partition epoch 0, high watermark 0, ISR [0], adding replicas [] and removing replicas [] . Previous leader None and previous leader epoch was -1. (state.change.logger)
[2024-10-09 00:36:28,136] INFO [Broker id=0] Leader __consumer_offsets-24 with topic id Some(TQoBdWomQYGMhoFNhw51vw) starts at leader epoch 0 from offset 0 with partition epoch 0, high watermark 0, ISR [0], adding replicas [] and removing replicas [] . Previous leader None and previous leader epoch was -1. (state.change.logger)
[2024-10-09 00:36:29,229] INFO [Broker id=0] Leader __consumer_offsets-31 with topic id Some(TQoBdWomQYGMhoFNhw51vw) starts at leader epoch 0 from offset 0 with partition epoch 0, high watermark 0, ISR [0], adding replicas [] and removing replicas [] . Previous leader None and previous leader epoch was -1. (state.change.logger)
[2024-10-09 00:36:30,291] INFO [Broker id=0] Leader __consumer_offsets-46 with topic id Some(TQoBdWomQYGMhoFNhw51vw) starts at leader epoch 0 from offset 0 with partition epoch 0, high watermark 0, ISR [0], adding replicas [] and removing replicas [] . Previous leader None and previous leader epoch was -1. (state.change.logger)
[2024-10-09 00:36:31,359] INFO [Broker id=0] Leader __consumer_offsets-1 with topic id Some(TQoBdWomQYGMhoFNhw51vw) starts at leader epoch 0 from offset 0 with partition epoch 0, high watermark 0, ISR [0], adding replicas [] and removing replicas [] . Previous leader None and previous leader epoch was -1. (state.change.logger)
[2024-10-09 00:36:32,773] INFO [Broker id=0] Leader __consumer_offsets-16 with topic id Some(TQoBdWomQYGMhoFNhw51vw) starts at leader epoch 0 from offset 0 with partition epoch 0, high watermark 0, ISR [0], adding replicas [] and removing replicas [] . Previous leader None and previous leader epoch was -1. (state.change.logger)
[2024-10-09 00:36:33,859] INFO [Broker id=0] Leader __consumer_offsets-2 with topic id Some(TQoBdWomQYGMhoFNhw51vw) starts at leader epoch 0 from offset 0 with partition epoch 0, high watermark 0, ISR [0], adding replicas [] and removing replicas [] . Previous leader None and previous leader epoch was -1. (state.change.logger)
[2024-10-09 00:36:35,279] INFO [Broker id=0] Leader __consumer_offsets-25 with topic id Some(TQoBdWomQYGMhoFNhw51vw) starts at leader epoch 0 from offset 0 with partition epoch 0, high watermark 0, ISR [0], adding replicas [] and removing replicas [] . Previous leader None and previous leader epoch was -1. (state.change.logger)
[2024-10-09 00:36:36,337] INFO [Broker id=0] Leader __consumer_offsets-40 with topic id Some(TQoBdWomQYGMhoFNhw51vw) starts at leader epoch 0 from offset 0 with partition epoch 0, high watermark 0, ISR [0], adding replicas [] and removing replicas [] . Previous leader None and previous leader epoch was -1. (state.change.logger)
[2024-10-09 00:36:37,337] INFO [Broker id=0] Leader __consumer_offsets-47 with topic id Some(TQoBdWomQYGMhoFNhw51vw) starts at leader epoch 0 from offset 0 with partition epoch 0, high watermark 0, ISR [0], adding replicas [] and removing replicas [] . Previous leader None and previous leader epoch was -1. (state.change.logger)
[2024-10-09 00:36:38,651] INFO [Broker id=0] Leader __consumer_offsets-17 with topic id Some(TQoBdWomQYGMhoFNhw51vw) starts at leader epoch 0 from offset 0 with partition epoch 0, high watermark 0, ISR [0], adding replicas [] and removing replicas [] . Previous leader None and previous leader epoch was -1. (state.change.logger)
[2024-10-09 00:36:40,033] INFO [Broker id=0] Leader __consumer_offsets-32 with topic id Some(TQoBdWomQYGMhoFNhw51vw) starts at leader epoch 0 from offset 0 with partition epoch 0, high watermark 0, ISR [0], adding replicas [] and removing replicas [] . Previous leader None and previous leader epoch was -1. (state.change.logger)
[2024-10-09 00:36:41,068] INFO [Broker id=0] Leader __consumer_offsets-37 with topic id Some(TQoBdWomQYGMhoFNhw51vw) starts at leader epoch 0 from offset 0 with partition epoch 0, high watermark 0, ISR [0], adding replicas [] and removing replicas [] . Previous leader None and previous leader epoch was -1. (state.change.logger)
[2024-10-09 00:36:42,669] INFO [Broker id=0] Leader __consumer_offsets-7 with topic id Some(TQoBdWomQYGMhoFNhw51vw) starts at leader epoch 0 from offset 0 with partition epoch 0, high watermark 0, ISR [0], adding replicas [] and removing replicas [] . Previous leader None and previous leader epoch was -1. (state.change.logger)
[2024-10-09 00:36:44,007] INFO [Broker id=0] Leader __consumer_offsets-22 with topic id Some(TQoBdWomQYGMhoFNhw51vw) starts at leader epoch 0 from offset 0 with partition epoch 0, high watermark 0, ISR [0], adding replicas [] and removing replicas [] . Previous leader None and previous leader epoch was -1. (state.change.logger)
[2024-10-09 00:36:45,389] INFO [Broker id=0] Leader __consumer_offsets-29 with topic id Some(TQoBdWomQYGMhoFNhw51vw) starts at leader epoch 0 from offset 0 with partition epoch 0, high watermark 0, ISR [0], adding replicas [] and removing replicas [] . Previous leader None and previous leader epoch was -1. (state.change.logger)
[2024-10-09 00:36:46,773] INFO [Broker id=0] Leader __consumer_offsets-44 with topic id Some(TQoBdWomQYGMhoFNhw51vw) starts at leader epoch 0 from offset 0 with partition epoch 0, high watermark 0, ISR [0], adding replicas [] and removing replicas [] . Previous leader None and previous leader epoch was -1. (state.change.logger)
[2024-10-09 00:36:48,165] INFO [Broker id=0] Leader __consumer_offsets-14 with topic id Some(TQoBdWomQYGMhoFNhw51vw) starts at leader epoch 0 from offset 0 with partition epoch 0, high watermark 0, ISR [0], adding replicas [] and removing replicas [] . Previous leader None and previous leader epoch was -1. (state.change.logger)
[2024-10-09 00:36:49,589] INFO [Broker id=0] Leader __consumer_offsets-23 with topic id Some(TQoBdWomQYGMhoFNhw51vw) starts at leader epoch 0 from offset 0 with partition epoch 0, high watermark 0, ISR [0], adding replicas [] and removing replicas [] . Previous leader None and previous leader epoch was -1. (state.change.logger)
[2024-10-09 00:36:50,708] INFO [Broker id=0] Leader __consumer_offsets-38 with topic id Some(TQoBdWomQYGMhoFNhw51vw) starts at leader epoch 0 from offset 0 with partition epoch 0, high watermark 0, ISR [0], adding replicas [] and removing replicas [] . Previous leader None and previous leader epoch was -1. (state.change.logger)
[2024-10-09 00:36:52,198] INFO [Broker id=0] Leader __consumer_offsets-8 with topic id Some(TQoBdWomQYGMhoFNhw51vw) starts at leader epoch 0 from offset 0 with partition epoch 0, high watermark 0, ISR [0], adding replicas [] and removing replicas [] . Previous leader None and previous leader epoch was -1. (state.change.logger)
[2024-10-09 00:36:53,802] INFO [Broker id=0] Leader __consumer_offsets-45 with topic id Some(TQoBdWomQYGMhoFNhw51vw) starts at leader epoch 0 from offset 0 with partition epoch 0, high watermark 0, ISR [0], adding replicas [] and removing replicas [] . Previous leader None and previous leader epoch was -1. (state.change.logger)
[2024-10-09 00:36:55,216] INFO [Broker id=0] Leader __consumer_offsets-15 with topic id Some(TQoBdWomQYGMhoFNhw51vw) starts at leader epoch 0 from offset 0 with partition epoch 0, high watermark 0, ISR [0], adding replicas [] and removing replicas [] . Previous leader None and previous leader epoch was -1. (state.change.logger)
[2024-10-09 00:36:56,726] INFO [Broker id=0] Leader __consumer_offsets-30 with topic id Some(TQoBdWomQYGMhoFNhw51vw) starts at leader epoch 0 from offset 0 with partition epoch 0, high watermark 0, ISR [0], adding replicas [] and removing replicas [] . Previous leader None and previous leader epoch was -1. (state.change.logger)
[2024-10-09 00:36:57,970] INFO [Broker id=0] Leader __consumer_offsets-0 with topic id Some(TQoBdWomQYGMhoFNhw51vw) starts at leader epoch 0 from offset 0 with partition epoch 0, high watermark 0, ISR [0], adding replicas [] and removing replicas [] . Previous leader None and previous leader epoch was -1. (state.change.logger)
[2024-10-09 00:36:59,456] INFO [Broker id=0] Leader __consumer_offsets-35 with topic id Some(TQoBdWomQYGMhoFNhw51vw) starts at leader epoch 0 from offset 0 with partition epoch 0, high watermark 0, ISR [0], adding replicas [] and removing replicas [] . Previous leader None and previous leader epoch was -1. (state.change.logger)
[2024-10-09 00:37:00,863] INFO [Broker id=0] Leader __consumer_offsets-5 with topic id Some(TQoBdWomQYGMhoFNhw51vw) starts at leader epoch 0 from offset 0 with partition epoch 0, high watermark 0, ISR [0], adding replicas [] and removing replicas [] . Previous leader None and previous leader epoch was -1. (state.change.logger)
[2024-10-09 00:37:02,241] INFO [Broker id=0] Leader __consumer_offsets-20 with topic id Some(TQoBdWomQYGMhoFNhw51vw) starts at leader epoch 0 from offset 0 with partition epoch 0, high watermark 0, ISR [0], adding replicas [] and removing replicas [] . Previous leader None and previous leader epoch was -1. (state.change.logger)
[2024-10-09 00:37:03,239] INFO [Broker id=0] Leader __consumer_offsets-27 with topic id Some(TQoBdWomQYGMhoFNhw51vw) starts at leader epoch 0 from offset 0 with partition epoch 0, high watermark 0, ISR [0], adding replicas [] and removing replicas [] . Previous leader None and previous leader epoch was -1. (state.change.logger)
[2024-10-09 00:37:04,563] INFO [Broker id=0] Leader __consumer_offsets-42 with topic id Some(TQoBdWomQYGMhoFNhw51vw) starts at leader epoch 0 from offset 0 with partition epoch 0, high watermark 0, ISR [0], adding replicas [] and removing replicas [] . Previous leader None and previous leader epoch was -1. (state.change.logger)
[2024-10-09 00:37:06,111] INFO [Broker id=0] Leader __consumer_offsets-12 with topic id Some(TQoBdWomQYGMhoFNhw51vw) starts at leader epoch 0 from offset 0 with partition epoch 0, high watermark 0, ISR [0], adding replicas [] and removing replicas [] . Previous leader None and previous leader epoch was -1. (state.change.logger)
[2024-10-09 00:37:07,599] INFO [Broker id=0] Leader __consumer_offsets-21 with topic id Some(TQoBdWomQYGMhoFNhw51vw) starts at leader epoch 0 from offset 0 with partition epoch 0, high watermark 0, ISR [0], adding replicas [] and removing replicas [] . Previous leader None and previous leader epoch was -1. (state.change.logger)
[2024-10-09 00:37:09,082] INFO [Broker id=0] Leader __consumer_offsets-36 with topic id Some(TQoBdWomQYGMhoFNhw51vw) starts at leader epoch 0 from offset 0 with partition epoch 0, high watermark 0, ISR [0], adding replicas [] and removing replicas [] . Previous leader None and previous leader epoch was -1. (state.change.logger)
[2024-10-09 00:37:10,179] INFO [Broker id=0] Leader __consumer_offsets-6 with topic id Some(TQoBdWomQYGMhoFNhw51vw) starts at leader epoch 0 from offset 0 with partition epoch 0, high watermark 0, ISR [0], adding replicas [] and removing replicas [] . Previous leader None and previous leader epoch was -1. (state.change.logger)
[2024-10-09 00:37:11,528] INFO [Broker id=0] Leader __consumer_offsets-43 with topic id Some(TQoBdWomQYGMhoFNhw51vw) starts at leader epoch 0 from offset 0 with partition epoch 0, high watermark 0, ISR [0], adding replicas [] and removing replicas [] . Previous leader None and previous leader epoch was -1. (state.change.logger)
[2024-10-09 00:37:12,831] INFO [Broker id=0] Leader __consumer_offsets-13 with topic id Some(TQoBdWomQYGMhoFNhw51vw) starts at leader epoch 0 from offset 0 with partition epoch 0, high watermark 0, ISR [0], adding replicas [] and removing replicas [] . Previous leader None and previous leader epoch was -1. (state.change.logger)
[2024-10-09 00:37:13,857] INFO [Broker id=0] Leader __consumer_offsets-28 with topic id Some(TQoBdWomQYGMhoFNhw51vw) starts at leader epoch 0 from offset 0 with partition epoch 0, high watermark 0, ISR [0], adding replicas [] and removing replicas [] . Previous leader None and previous leader epoch was -1. (state.change.logger)
[2024-10-09 00:37:14,954] INFO [Broker id=0] Finished LeaderAndIsr request in 66243ms correlationId 11 from controller 0 for 50 partitions (state.change.logger)
[2024-10-09 00:37:14,954] INFO [Broker id=0] Handling LeaderAndIsr request correlationId 13 from controller 0 for 50 partitions (state.change.logger)
[2024-10-09 00:37:14,955] INFO [Broker id=0] Ignoring LeaderAndIsr request from controller 0 with correlation id 13 epoch 2 for partition __consumer_offsets-13 since its associated leader epoch 0 matches the current leader epoch (state.change.logger)
[2024-10-09 00:37:14,956] INFO [Broker id=0] Ignoring LeaderAndIsr request from controller 0 with correlation id 13 epoch 2 for partition __consumer_offsets-46 since its associated leader epoch 0 matches the current leader epoch (state.change.logger)
[2024-10-09 00:37:14,956] INFO [Broker id=0] Ignoring LeaderAndIsr request from controller 0 with correlation id 13 epoch 2 for partition __consumer_offsets-9 since its associated leader epoch 0 matches the current leader epoch (state.change.logger)
[2024-10-09 00:37:14,956] INFO [Broker id=0] Ignoring LeaderAndIsr request from controller 0 with correlation id 13 epoch 2 for partition __consumer_offsets-42 since its associated leader epoch 0 matches the current leader epoch (state.change.logger)
[2024-10-09 00:37:14,956] INFO [Broker id=0] Ignoring LeaderAndIsr request from controller 0 with correlation id 13 epoch 2 for partition __consumer_offsets-21 since its associated leader epoch 0 matches the current leader epoch (state.change.logger)
[2024-10-09 00:37:14,956] INFO [Broker id=0] Ignoring LeaderAndIsr request from controller 0 with correlation id 13 epoch 2 for partition __consumer_offsets-17 since its associated leader epoch 0 matches the current leader epoch (state.change.logger)
[2024-10-09 00:37:14,956] INFO [Broker id=0] Ignoring LeaderAndIsr request from controller 0 with correlation id 13 epoch 2 for partition __consumer_offsets-30 since its associated leader epoch 0 matches the current leader epoch (state.change.logger)
[2024-10-09 00:37:14,956] INFO [Broker id=0] Ignoring LeaderAndIsr request from controller 0 with correlation id 13 epoch 2 for partition __consumer_offsets-26 since its associated leader epoch 0 matches the current leader epoch (state.change.logger)
[2024-10-09 00:37:14,956] INFO [Broker id=0] Ignoring LeaderAndIsr request from controller 0 with correlation id 13 epoch 2 for partition __consumer_offsets-5 since its associated leader epoch 0 matches the current leader epoch (state.change.logger)
[2024-10-09 00:37:14,956] INFO [Broker id=0] Ignoring LeaderAndIsr request from controller 0 with correlation id 13 epoch 2 for partition __consumer_offsets-38 since its associated leader epoch 0 matches the current leader epoch (state.change.logger)
[2024-10-09 00:37:14,956] INFO [Broker id=0] Ignoring LeaderAndIsr request from controller 0 with correlation id 13 epoch 2 for partition __consumer_offsets-1 since its associated leader epoch 0 matches the current leader epoch (state.change.logger)
[2024-10-09 00:37:14,956] INFO [Broker id=0] Ignoring LeaderAndIsr request from controller 0 with correlation id 13 epoch 2 for partition __consumer_offsets-34 since its associated leader epoch 0 matches the current leader epoch (state.change.logger)
[2024-10-09 00:37:14,956] INFO [Broker id=0] Ignoring LeaderAndIsr request from controller 0 with correlation id 13 epoch 2 for partition __consumer_offsets-16 since its associated leader epoch 0 matches the current leader epoch (state.change.logger)
[2024-10-09 00:37:14,956] INFO [Broker id=0] Ignoring LeaderAndIsr request from controller 0 with correlation id 13 epoch 2 for partition __consumer_offsets-45 since its associated leader epoch 0 matches the current leader epoch (state.change.logger)
[2024-10-09 00:37:14,956] INFO [Broker id=0] Ignoring LeaderAndIsr request from controller 0 with correlation id 13 epoch 2 for partition __consumer_offsets-12 since its associated leader epoch 0 matches the current leader epoch (state.change.logger)
[2024-10-09 00:37:14,956] INFO [Broker id=0] Ignoring LeaderAndIsr request from controller 0 with correlation id 13 epoch 2 for partition __consumer_offsets-41 since its associated leader epoch 0 matches the current leader epoch (state.change.logger)
[2024-10-09 00:37:14,956] INFO [Broker id=0] Ignoring LeaderAndIsr request from controller 0 with correlation id 13 epoch 2 for partition __consumer_offsets-24 since its associated leader epoch 0 matches the current leader epoch (state.change.logger)
[2024-10-09 00:37:14,956] INFO [Broker id=0] Ignoring LeaderAndIsr request from controller 0 with correlation id 13 epoch 2 for partition __consumer_offsets-20 since its associated leader epoch 0 matches the current leader epoch (state.change.logger)
[2024-10-09 00:37:14,956] INFO [Broker id=0] Ignoring LeaderAndIsr request from controller 0 with correlation id 13 epoch 2 for partition __consumer_offsets-49 since its associated leader epoch 0 matches the current leader epoch (state.change.logger)
[2024-10-09 00:37:14,956] INFO [Broker id=0] Ignoring LeaderAndIsr request from controller 0 with correlation id 13 epoch 2 for partition __consumer_offsets-0 since its associated leader epoch 0 matches the current leader epoch (state.change.logger)
[2024-10-09 00:37:14,956] INFO [Broker id=0] Ignoring LeaderAndIsr request from controller 0 with correlation id 13 epoch 2 for partition __consumer_offsets-29 since its associated leader epoch 0 matches the current leader epoch (state.change.logger)
[2024-10-09 00:37:14,956] INFO [Broker id=0] Ignoring LeaderAndIsr request from controller 0 with correlation id 13 epoch 2 for partition __consumer_offsets-25 since its associated leader epoch 0 matches the current leader epoch (state.change.logger)
[2024-10-09 00:37:14,956] INFO [Broker id=0] Ignoring LeaderAndIsr request from controller 0 with correlation id 13 epoch 2 for partition __consumer_offsets-8 since its associated leader epoch 0 matches the current leader epoch (state.change.logger)
[2024-10-09 00:37:14,956] INFO [Broker id=0] Ignoring LeaderAndIsr request from controller 0 with correlation id 13 epoch 2 for partition __consumer_offsets-37 since its associated leader epoch 0 matches the current leader epoch (state.change.logger)
[2024-10-09 00:37:14,956] INFO [Broker id=0] Ignoring LeaderAndIsr request from controller 0 with correlation id 13 epoch 2 for partition __consumer_offsets-4 since its associated leader epoch 0 matches the current leader epoch (state.change.logger)
[2024-10-09 00:37:14,956] INFO [Broker id=0] Ignoring LeaderAndIsr request from controller 0 with correlation id 13 epoch 2 for partition __consumer_offsets-33 since its associated leader epoch 0 matches the current leader epoch (state.change.logger)
[2024-10-09 00:37:14,956] INFO [Broker id=0] Ignoring LeaderAndIsr request from controller 0 with correlation id 13 epoch 2 for partition __consumer_offsets-15 since its associated leader epoch 0 matches the current leader epoch (state.change.logger)
[2024-10-09 00:37:14,956] INFO [Broker id=0] Ignoring LeaderAndIsr request from controller 0 with correlation id 13 epoch 2 for partition __consumer_offsets-48 since its associated leader epoch 0 matches the current leader epoch (state.change.logger)
[2024-10-09 00:37:14,956] INFO [Broker id=0] Ignoring LeaderAndIsr request from controller 0 with correlation id 13 epoch 2 for partition __consumer_offsets-11 since its associated leader epoch 0 matches the current leader epoch (state.change.logger)
[2024-10-09 00:37:14,956] INFO [Broker id=0] Ignoring LeaderAndIsr request from controller 0 with correlation id 13 epoch 2 for partition __consumer_offsets-44 since its associated leader epoch 0 matches the current leader epoch (state.change.logger)
[2024-10-09 00:37:14,956] INFO [Broker id=0] Ignoring LeaderAndIsr request from controller 0 with correlation id 13 epoch 2 for partition __consumer_offsets-23 since its associated leader epoch 0 matches the current leader epoch (state.change.logger)
[2024-10-09 00:37:14,956] INFO [Broker id=0] Ignoring LeaderAndIsr request from controller 0 with correlation id 13 epoch 2 for partition __consumer_offsets-19 since its associated leader epoch 0 matches the current leader epoch (state.change.logger)
[2024-10-09 00:37:14,956] INFO [Broker id=0] Ignoring LeaderAndIsr request from controller 0 with correlation id 13 epoch 2 for partition __consumer_offsets-32 since its associated leader epoch 0 matches the current leader epoch (state.change.logger)
[2024-10-09 00:37:14,956] INFO [Broker id=0] Ignoring LeaderAndIsr request from controller 0 with correlation id 13 epoch 2 for partition __consumer_offsets-28 since its associated leader epoch 0 matches the current leader epoch (state.change.logger)
[2024-10-09 00:37:14,956] INFO [Broker id=0] Ignoring LeaderAndIsr request from controller 0 with correlation id 13 epoch 2 for partition __consumer_offsets-7 since its associated leader epoch 0 matches the current leader epoch (state.change.logger)
[2024-10-09 00:37:14,956] INFO [Broker id=0] Ignoring LeaderAndIsr request from controller 0 with correlation id 13 epoch 2 for partition __consumer_offsets-40 since its associated leader epoch 0 matches the current leader epoch (state.change.logger)
[2024-10-09 00:37:14,956] INFO [Broker id=0] Ignoring LeaderAndIsr request from controller 0 with correlation id 13 epoch 2 for partition __consumer_offsets-3 since its associated leader epoch 0 matches the current leader epoch (state.change.logger)
[2024-10-09 00:37:14,956] INFO [Broker id=0] Ignoring LeaderAndIsr request from controller 0 with correlation id 13 epoch 2 for partition __consumer_offsets-36 since its associated leader epoch 0 matches the current leader epoch (state.change.logger)
[2024-10-09 00:37:14,956] INFO [Broker id=0] Ignoring LeaderAndIsr request from controller 0 with correlation id 13 epoch 2 for partition __consumer_offsets-47 since its associated leader epoch 0 matches the current leader epoch (state.change.logger)
[2024-10-09 00:37:14,956] INFO [Broker id=0] Ignoring LeaderAndIsr request from controller 0 with correlation id 13 epoch 2 for partition __consumer_offsets-14 since its associated leader epoch 0 matches the current leader epoch (state.change.logger)
[2024-10-09 00:37:14,956] INFO [Broker id=0] Ignoring LeaderAndIsr request from controller 0 with correlation id 13 epoch 2 for partition __consumer_offsets-43 since its associated leader epoch 0 matches the current leader epoch (state.change.logger)
[2024-10-09 00:37:14,957] INFO [Broker id=0] Ignoring LeaderAndIsr request from controller 0 with correlation id 13 epoch 2 for partition __consumer_offsets-10 since its associated leader epoch 0 matches the current leader epoch (state.change.logger)
[2024-10-09 00:37:14,957] INFO [Broker id=0] Ignoring LeaderAndIsr request from controller 0 with correlation id 13 epoch 2 for partition __consumer_offsets-22 since its associated leader epoch 0 matches the current leader epoch (state.change.logger)
[2024-10-09 00:37:14,957] INFO [Broker id=0] Ignoring LeaderAndIsr request from controller 0 with correlation id 13 epoch 2 for partition __consumer_offsets-18 since its associated leader epoch 0 matches the current leader epoch (state.change.logger)
[2024-10-09 00:37:14,957] INFO [Broker id=0] Ignoring LeaderAndIsr request from controller 0 with correlation id 13 epoch 2 for partition __consumer_offsets-31 since its associated leader epoch 0 matches the current leader epoch (state.change.logger)
[2024-10-09 00:37:14,957] INFO [Broker id=0] Ignoring LeaderAndIsr request from controller 0 with correlation id 13 epoch 2 for partition __consumer_offsets-27 since its associated leader epoch 0 matches the current leader epoch (state.change.logger)
[2024-10-09 00:37:14,957] INFO [Broker id=0] Ignoring LeaderAndIsr request from controller 0 with correlation id 13 epoch 2 for partition __consumer_offsets-39 since its associated leader epoch 0 matches the current leader epoch (state.change.logger)
[2024-10-09 00:37:14,957] INFO [Broker id=0] Ignoring LeaderAndIsr request from controller 0 with correlation id 13 epoch 2 for partition __consumer_offsets-6 since its associated leader epoch 0 matches the current leader epoch (state.change.logger)
[2024-10-09 00:37:14,957] INFO [Broker id=0] Ignoring LeaderAndIsr request from controller 0 with correlation id 13 epoch 2 for partition __consumer_offsets-35 since its associated leader epoch 0 matches the current leader epoch (state.change.logger)
[2024-10-09 00:37:14,957] INFO [Broker id=0] Ignoring LeaderAndIsr request from controller 0 with correlation id 13 epoch 2 for partition __consumer_offsets-2 since its associated leader epoch 0 matches the current leader epoch (state.change.logger)
[2024-10-09 00:37:14,957] INFO [Broker id=0] Finished LeaderAndIsr request in 5982ms correlationId 13 from controller 0 for 50 partitions (state.change.logger)
[2024-10-09 00:37:14,957] INFO [Broker id=0] Handling LeaderAndIsr request correlationId 12 from controller 0 for 50 partitions (state.change.logger)
[2024-10-09 00:37:14,957] INFO [Broker id=0] Ignoring LeaderAndIsr request from controller 0 with correlation id 12 epoch 2 for partition __consumer_offsets-13 since its associated leader epoch 0 matches the current leader epoch (state.change.logger)
[2024-10-09 00:37:14,957] INFO [Broker id=0] Ignoring LeaderAndIsr request from controller 0 with correlation id 12 epoch 2 for partition __consumer_offsets-46 since its associated leader epoch 0 matches the current leader epoch (state.change.logger)
[2024-10-09 00:37:14,957] INFO [Broker id=0] Ignoring LeaderAndIsr request from controller 0 with correlation id 12 epoch 2 for partition __consumer_offsets-9 since its associated leader epoch 0 matches the current leader epoch (state.change.logger)
[2024-10-09 00:37:14,957] INFO [Broker id=0] Ignoring LeaderAndIsr request from controller 0 with correlation id 12 epoch 2 for partition __consumer_offsets-42 since its associated leader epoch 0 matches the current leader epoch (state.change.logger)
[2024-10-09 00:37:14,957] INFO [Broker id=0] Ignoring LeaderAndIsr request from controller 0 with correlation id 12 epoch 2 for partition __consumer_offsets-21 since its associated leader epoch 0 matches the current leader epoch (state.change.logger)
[2024-10-09 00:37:14,958] INFO [Broker id=0] Ignoring LeaderAndIsr request from controller 0 with correlation id 12 epoch 2 for partition __consumer_offsets-17 since its associated leader epoch 0 matches the current leader epoch (state.change.logger)
[2024-10-09 00:37:14,958] INFO [Broker id=0] Ignoring LeaderAndIsr request from controller 0 with correlation id 12 epoch 2 for partition __consumer_offsets-30 since its associated leader epoch 0 matches the current leader epoch (state.change.logger)
[2024-10-09 00:37:14,958] INFO [Broker id=0] Ignoring LeaderAndIsr request from controller 0 with correlation id 12 epoch 2 for partition __consumer_offsets-26 since its associated leader epoch 0 matches the current leader epoch (state.change.logger)
[2024-10-09 00:37:14,958] INFO [Broker id=0] Ignoring LeaderAndIsr request from controller 0 with correlation id 12 epoch 2 for partition __consumer_offsets-5 since its associated leader epoch 0 matches the current leader epoch (state.change.logger)
[2024-10-09 00:37:14,958] INFO [Broker id=0] Ignoring LeaderAndIsr request from controller 0 with correlation id 12 epoch 2 for partition __consumer_offsets-38 since its associated leader epoch 0 matches the current leader epoch (state.change.logger)
[2024-10-09 00:37:14,958] INFO [Broker id=0] Ignoring LeaderAndIsr request from controller 0 with correlation id 12 epoch 2 for partition __consumer_offsets-1 since its associated leader epoch 0 matches the current leader epoch (state.change.logger)
[2024-10-09 00:37:14,958] INFO [Broker id=0] Ignoring LeaderAndIsr request from controller 0 with correlation id 12 epoch 2 for partition __consumer_offsets-34 since its associated leader epoch 0 matches the current leader epoch (state.change.logger)
[2024-10-09 00:37:14,958] INFO [Broker id=0] Ignoring LeaderAndIsr request from controller 0 with correlation id 12 epoch 2 for partition __consumer_offsets-16 since its associated leader epoch 0 matches the current leader epoch (state.change.logger)
[2024-10-09 00:37:14,958] INFO [Broker id=0] Ignoring LeaderAndIsr request from controller 0 with correlation id 12 epoch 2 for partition __consumer_offsets-45 since its associated leader epoch 0 matches the current leader epoch (state.change.logger)
[2024-10-09 00:37:14,958] INFO [Broker id=0] Ignoring LeaderAndIsr request from controller 0 with correlation id 12 epoch 2 for partition __consumer_offsets-12 since its associated leader epoch 0 matches the current leader epoch (state.change.logger)
[2024-10-09 00:37:14,958] INFO [Broker id=0] Ignoring LeaderAndIsr request from controller 0 with correlation id 12 epoch 2 for partition __consumer_offsets-41 since its associated leader epoch 0 matches the current leader epoch (state.change.logger)
[2024-10-09 00:37:14,958] INFO [Broker id=0] Ignoring LeaderAndIsr request from controller 0 with correlation id 12 epoch 2 for partition __consumer_offsets-24 since its associated leader epoch 0 matches the current leader epoch (state.change.logger)
[2024-10-09 00:37:14,958] INFO [Broker id=0] Ignoring LeaderAndIsr request from controller 0 with correlation id 12 epoch 2 for partition __consumer_offsets-20 since its associated leader epoch 0 matches the current leader epoch (state.change.logger)
[2024-10-09 00:37:14,958] INFO [Broker id=0] Ignoring LeaderAndIsr request from controller 0 with correlation id 12 epoch 2 for partition __consumer_offsets-49 since its associated leader epoch 0 matches the current leader epoch (state.change.logger)
[2024-10-09 00:37:14,958] INFO [Broker id=0] Ignoring LeaderAndIsr request from controller 0 with correlation id 12 epoch 2 for partition __consumer_offsets-0 since its associated leader epoch 0 matches the current leader epoch (state.change.logger)
[2024-10-09 00:37:14,958] INFO [Broker id=0] Ignoring LeaderAndIsr request from controller 0 with correlation id 12 epoch 2 for partition __consumer_offsets-29 since its associated leader epoch 0 matches the current leader epoch (state.change.logger)
[2024-10-09 00:37:14,958] INFO [Broker id=0] Ignoring LeaderAndIsr request from controller 0 with correlation id 12 epoch 2 for partition __consumer_offsets-25 since its associated leader epoch 0 matches the current leader epoch (state.change.logger)
[2024-10-09 00:37:14,958] INFO [Broker id=0] Ignoring LeaderAndIsr request from controller 0 with correlation id 12 epoch 2 for partition __consumer_offsets-8 since its associated leader epoch 0 matches the current leader epoch (state.change.logger)
[2024-10-09 00:37:14,958] INFO [Broker id=0] Ignoring LeaderAndIsr request from controller 0 with correlation id 12 epoch 2 for partition __consumer_offsets-37 since its associated leader epoch 0 matches the current leader epoch (state.change.logger)
[2024-10-09 00:37:14,958] INFO [Broker id=0] Ignoring LeaderAndIsr request from controller 0 with correlation id 12 epoch 2 for partition __consumer_offsets-4 since its associated leader epoch 0 matches the current leader epoch (state.change.logger)
[2024-10-09 00:37:14,958] INFO [Broker id=0] Ignoring LeaderAndIsr request from controller 0 with correlation id 12 epoch 2 for partition __consumer_offsets-33 since its associated leader epoch 0 matches the current leader epoch (state.change.logger)
[2024-10-09 00:37:14,958] INFO [Broker id=0] Ignoring LeaderAndIsr request from controller 0 with correlation id 12 epoch 2 for partition __consumer_offsets-15 since its associated leader epoch 0 matches the current leader epoch (state.change.logger)
[2024-10-09 00:37:14,958] INFO [Broker id=0] Ignoring LeaderAndIsr request from controller 0 with correlation id 12 epoch 2 for partition __consumer_offsets-48 since its associated leader epoch 0 matches the current leader epoch (state.change.logger)
[2024-10-09 00:37:14,958] INFO [Broker id=0] Ignoring LeaderAndIsr request from controller 0 with correlation id 12 epoch 2 for partition __consumer_offsets-11 since its associated leader epoch 0 matches the current leader epoch (state.change.logger)
[2024-10-09 00:37:14,958] INFO [Broker id=0] Ignoring LeaderAndIsr request from controller 0 with correlation id 12 epoch 2 for partition __consumer_offsets-44 since its associated leader epoch 0 matches the current leader epoch (state.change.logger)
[2024-10-09 00:37:14,958] INFO [Broker id=0] Ignoring LeaderAndIsr request from controller 0 with correlation id 12 epoch 2 for partition __consumer_offsets-23 since its associated leader epoch 0 matches the current leader epoch (state.change.logger)
[2024-10-09 00:37:14,958] INFO [Broker id=0] Ignoring LeaderAndIsr request from controller 0 with correlation id 12 epoch 2 for partition __consumer_offsets-19 since its associated leader epoch 0 matches the current leader epoch (state.change.logger)
[2024-10-09 00:37:14,958] INFO [Broker id=0] Ignoring LeaderAndIsr request from controller 0 with correlation id 12 epoch 2 for partition __consumer_offsets-32 since its associated leader epoch 0 matches the current leader epoch (state.change.logger)
[2024-10-09 00:37:14,958] INFO [Broker id=0] Ignoring LeaderAndIsr request from controller 0 with correlation id 12 epoch 2 for partition __consumer_offsets-28 since its associated leader epoch 0 matches the current leader epoch (state.change.logger)
[2024-10-09 00:37:14,958] INFO [Broker id=0] Ignoring LeaderAndIsr request from controller 0 with correlation id 12 epoch 2 for partition __consumer_offsets-7 since its associated leader epoch 0 matches the current leader epoch (state.change.logger)
[2024-10-09 00:37:14,958] INFO [Broker id=0] Ignoring LeaderAndIsr request from controller 0 with correlation id 12 epoch 2 for partition __consumer_offsets-40 since its associated leader epoch 0 matches the current leader epoch (state.change.logger)
[2024-10-09 00:37:14,958] INFO [Broker id=0] Ignoring LeaderAndIsr request from controller 0 with correlation id 12 epoch 2 for partition __consumer_offsets-3 since its associated leader epoch 0 matches the current leader epoch (state.change.logger)
[2024-10-09 00:37:14,958] INFO [Broker id=0] Ignoring LeaderAndIsr request from controller 0 with correlation id 12 epoch 2 for partition __consumer_offsets-36 since its associated leader epoch 0 matches the current leader epoch (state.change.logger)
[2024-10-09 00:37:14,958] INFO [Broker id=0] Ignoring LeaderAndIsr request from controller 0 with correlation id 12 epoch 2 for partition __consumer_offsets-47 since its associated leader epoch 0 matches the current leader epoch (state.change.logger)
[2024-10-09 00:37:14,958] INFO [Broker id=0] Ignoring LeaderAndIsr request from controller 0 with correlation id 12 epoch 2 for partition __consumer_offsets-14 since its associated leader epoch 0 matches the current leader epoch (state.change.logger)
[2024-10-09 00:37:14,958] INFO [Broker id=0] Ignoring LeaderAndIsr request from controller 0 with correlation id 12 epoch 2 for partition __consumer_offsets-43 since its associated leader epoch 0 matches the current leader epoch (state.change.logger)
[2024-10-09 00:37:14,958] INFO [Broker id=0] Ignoring LeaderAndIsr request from controller 0 with correlation id 12 epoch 2 for partition __consumer_offsets-10 since its associated leader epoch 0 matches the current leader epoch (state.change.logger)
[2024-10-09 00:37:14,958] INFO [Broker id=0] Ignoring LeaderAndIsr request from controller 0 with correlation id 12 epoch 2 for partition __consumer_offsets-22 since its associated leader epoch 0 matches the current leader epoch (state.change.logger)
[2024-10-09 00:37:14,958] INFO [Broker id=0] Ignoring LeaderAndIsr request from controller 0 with correlation id 12 epoch 2 for partition __consumer_offsets-18 since its associated leader epoch 0 matches the current leader epoch (state.change.logger)
[2024-10-09 00:37:14,958] INFO [Broker id=0] Ignoring LeaderAndIsr request from controller 0 with correlation id 12 epoch 2 for partition __consumer_offsets-31 since its associated leader epoch 0 matches the current leader epoch (state.change.logger)
[2024-10-09 00:37:14,958] INFO [Broker id=0] Ignoring LeaderAndIsr request from controller 0 with correlation id 12 epoch 2 for partition __consumer_offsets-27 since its associated leader epoch 0 matches the current leader epoch (state.change.logger)
[2024-10-09 00:37:14,958] INFO [Broker id=0] Ignoring LeaderAndIsr request from controller 0 with correlation id 12 epoch 2 for partition __consumer_offsets-39 since its associated leader epoch 0 matches the current leader epoch (state.change.logger)
[2024-10-09 00:37:14,959] INFO [Broker id=0] Ignoring LeaderAndIsr request from controller 0 with correlation id 12 epoch 2 for partition __consumer_offsets-6 since its associated leader epoch 0 matches the current leader epoch (state.change.logger)
[2024-10-09 00:37:14,959] INFO [Broker id=0] Ignoring LeaderAndIsr request from controller 0 with correlation id 12 epoch 2 for partition __consumer_offsets-35 since its associated leader epoch 0 matches the current leader epoch (state.change.logger)
[2024-10-09 00:37:14,959] INFO [Broker id=0] Ignoring LeaderAndIsr request from controller 0 with correlation id 12 epoch 2 for partition __consumer_offsets-2 since its associated leader epoch 0 matches the current leader epoch (state.change.logger)
[2024-10-09 00:37:14,959] INFO [Broker id=0] Finished LeaderAndIsr request in 36116ms correlationId 12 from controller 0 for 50 partitions (state.change.logger)
[2024-10-09 00:37:14,960] INFO [Broker id=0] Add 50 partitions and deleted 0 partitions from metadata cache in response to UpdateMetadata request sent by controller 0 epoch 2 with correlation id 14 (state.change.logger)
[2024-10-09 00:38:23,950] INFO [Controller id=0 epoch=2] Changed partition InternationalDeliveryRequest-0 state from NonExistentPartition to NewPartition with assigned replicas 0 (state.change.logger)
[2024-10-09 00:38:23,950] INFO [Controller id=0 epoch=2] Changed partition InternationalDeliveryRequest-1 state from NonExistentPartition to NewPartition with assigned replicas 0 (state.change.logger)
[2024-10-09 00:38:23,950] INFO [Controller id=0 epoch=2] Changed partition InternationalDeliveryRequest-2 state from NonExistentPartition to NewPartition with assigned replicas 0 (state.change.logger)
[2024-10-09 00:38:23,950] INFO [Controller id=0 epoch=2] Sending UpdateMetadata request to brokers HashSet() for 0 partitions (state.change.logger)
[2024-10-09 00:38:23,951] INFO [Controller id=0 epoch=2] Sending UpdateMetadata request to brokers HashSet() for 0 partitions (state.change.logger)
[2024-10-09 00:38:25,334] INFO [Controller id=0 epoch=2] Changed partition InternationalDeliveryRequest-0 from NewPartition to OnlinePartition with state LeaderAndIsr(leader=0, leaderEpoch=0, isrWithBrokerEpoch=List(BrokerState(brokerId=0, brokerEpoch=-1)), leaderRecoveryState=RECOVERED, partitionEpoch=0) (state.change.logger)
[2024-10-09 00:38:25,334] INFO [Controller id=0 epoch=2] Changed partition InternationalDeliveryRequest-1 from NewPartition to OnlinePartition with state LeaderAndIsr(leader=0, leaderEpoch=0, isrWithBrokerEpoch=List(BrokerState(brokerId=0, brokerEpoch=-1)), leaderRecoveryState=RECOVERED, partitionEpoch=0) (state.change.logger)
[2024-10-09 00:38:25,334] INFO [Controller id=0 epoch=2] Changed partition InternationalDeliveryRequest-2 from NewPartition to OnlinePartition with state LeaderAndIsr(leader=0, leaderEpoch=0, isrWithBrokerEpoch=List(BrokerState(brokerId=0, brokerEpoch=-1)), leaderRecoveryState=RECOVERED, partitionEpoch=0) (state.change.logger)
[2024-10-09 00:38:25,334] INFO [Controller id=0 epoch=2] Sending LeaderAndIsr request to broker 0 with 3 become-leader and 0 become-follower partitions (state.change.logger)
[2024-10-09 00:38:25,334] INFO [Controller id=0 epoch=2] Sending UpdateMetadata request to brokers HashSet(0) for 3 partitions (state.change.logger)
[2024-10-09 00:38:25,334] INFO [Controller id=0 epoch=2] Sending UpdateMetadata request to brokers HashSet() for 0 partitions (state.change.logger)
[2024-10-09 00:38:25,335] INFO [Broker id=0] Handling LeaderAndIsr request correlationId 15 from controller 0 for 3 partitions (state.change.logger)
[2024-10-09 00:38:25,335] INFO [Broker id=0] Stopped fetchers as part of LeaderAndIsr request correlationId 15 from controller 0 epoch 2 as part of the become-leader transition for 3 partitions (state.change.logger)
[2024-10-09 00:38:26,857] INFO [Broker id=0] Leader InternationalDeliveryRequest-2 with topic id Some(XbNw7CvLSOOOYrlle3FtcA) starts at leader epoch 0 from offset 0 with partition epoch 0, high watermark 0, ISR [0], adding replicas [] and removing replicas [] . Previous leader None and previous leader epoch was -1. (state.change.logger)
[2024-10-09 00:38:28,223] INFO [Broker id=0] Leader InternationalDeliveryRequest-1 with topic id Some(XbNw7CvLSOOOYrlle3FtcA) starts at leader epoch 0 from offset 0 with partition epoch 0, high watermark 0, ISR [0], adding replicas [] and removing replicas [] . Previous leader None and previous leader epoch was -1. (state.change.logger)
[2024-10-09 00:38:29,290] INFO [Broker id=0] Leader InternationalDeliveryRequest-0 with topic id Some(XbNw7CvLSOOOYrlle3FtcA) starts at leader epoch 0 from offset 0 with partition epoch 0, high watermark 0, ISR [0], adding replicas [] and removing replicas [] . Previous leader None and previous leader epoch was -1. (state.change.logger)
[2024-10-09 00:38:30,405] INFO [Broker id=0] Finished LeaderAndIsr request in 5070ms correlationId 15 from controller 0 for 3 partitions (state.change.logger)
[2024-10-09 00:38:30,406] INFO [Broker id=0] Add 3 partitions and deleted 0 partitions from metadata cache in response to UpdateMetadata request sent by controller 0 epoch 2 with correlation id 16 (state.change.logger)
[2024-10-09 00:38:43,127] INFO [Controller id=0 epoch=2] Changed partition InternationalDeliveryResponse-0 state from NonExistentPartition to NewPartition with assigned replicas 0 (state.change.logger)
[2024-10-09 00:38:43,127] INFO [Controller id=0 epoch=2] Changed partition InternationalDeliveryResponse-1 state from NonExistentPartition to NewPartition with assigned replicas 0 (state.change.logger)
[2024-10-09 00:38:43,127] INFO [Controller id=0 epoch=2] Changed partition InternationalDeliveryResponse-2 state from NonExistentPartition to NewPartition with assigned replicas 0 (state.change.logger)
[2024-10-09 00:38:43,127] INFO [Controller id=0 epoch=2] Sending UpdateMetadata request to brokers HashSet() for 0 partitions (state.change.logger)
[2024-10-09 00:38:43,127] INFO [Controller id=0 epoch=2] Sending UpdateMetadata request to brokers HashSet() for 0 partitions (state.change.logger)
[2024-10-09 00:38:44,201] INFO [Controller id=0 epoch=2] Changed partition InternationalDeliveryResponse-0 from NewPartition to OnlinePartition with state LeaderAndIsr(leader=0, leaderEpoch=0, isrWithBrokerEpoch=List(BrokerState(brokerId=0, brokerEpoch=-1)), leaderRecoveryState=RECOVERED, partitionEpoch=0) (state.change.logger)
[2024-10-09 00:38:44,201] INFO [Controller id=0 epoch=2] Changed partition InternationalDeliveryResponse-1 from NewPartition to OnlinePartition with state LeaderAndIsr(leader=0, leaderEpoch=0, isrWithBrokerEpoch=List(BrokerState(brokerId=0, brokerEpoch=-1)), leaderRecoveryState=RECOVERED, partitionEpoch=0) (state.change.logger)
[2024-10-09 00:38:44,201] INFO [Controller id=0 epoch=2] Changed partition InternationalDeliveryResponse-2 from NewPartition to OnlinePartition with state LeaderAndIsr(leader=0, leaderEpoch=0, isrWithBrokerEpoch=List(BrokerState(brokerId=0, brokerEpoch=-1)), leaderRecoveryState=RECOVERED, partitionEpoch=0) (state.change.logger)
[2024-10-09 00:38:44,201] INFO [Controller id=0 epoch=2] Sending LeaderAndIsr request to broker 0 with 3 become-leader and 0 become-follower partitions (state.change.logger)
[2024-10-09 00:38:44,201] INFO [Controller id=0 epoch=2] Sending UpdateMetadata request to brokers HashSet(0) for 3 partitions (state.change.logger)
[2024-10-09 00:38:44,202] INFO [Controller id=0 epoch=2] Sending UpdateMetadata request to brokers HashSet() for 0 partitions (state.change.logger)
[2024-10-09 00:38:44,202] INFO [Broker id=0] Handling LeaderAndIsr request correlationId 17 from controller 0 for 3 partitions (state.change.logger)
[2024-10-09 00:38:44,202] INFO [Broker id=0] Stopped fetchers as part of LeaderAndIsr request correlationId 17 from controller 0 epoch 2 as part of the become-leader transition for 3 partitions (state.change.logger)
[2024-10-09 00:38:44,205] INFO [Broker id=0] Leader InternationalDeliveryResponse-2 with topic id Some(ZxBVNJDWScuHQXTgaFeUqw) starts at leader epoch 0 from offset 0 with partition epoch 0, high watermark 0, ISR [0], adding replicas [] and removing replicas [] . Previous leader None and previous leader epoch was -1. (state.change.logger)
[2024-10-09 00:38:45,597] INFO [Broker id=0] Leader InternationalDeliveryResponse-0 with topic id Some(ZxBVNJDWScuHQXTgaFeUqw) starts at leader epoch 0 from offset 0 with partition epoch 0, high watermark 0, ISR [0], adding replicas [] and removing replicas [] . Previous leader None and previous leader epoch was -1. (state.change.logger)
[2024-10-09 00:38:46,998] INFO [Broker id=0] Leader InternationalDeliveryResponse-1 with topic id Some(ZxBVNJDWScuHQXTgaFeUqw) starts at leader epoch 0 from offset 0 with partition epoch 0, high watermark 0, ISR [0], adding replicas [] and removing replicas [] . Previous leader None and previous leader epoch was -1. (state.change.logger)
[2024-10-09 00:38:48,338] INFO [Broker id=0] Finished LeaderAndIsr request in 4136ms correlationId 17 from controller 0 for 3 partitions (state.change.logger)
[2024-10-09 00:38:48,339] INFO [Broker id=0] Add 3 partitions and deleted 0 partitions from metadata cache in response to UpdateMetadata request sent by controller 0 epoch 2 with correlation id 18 (state.change.logger)
